{"C:\\Users\\karan\\OneDrive\\Documents\\API_TASK\\API_Building\\app.js": {"path":"C:\\Users\\karan\\OneDrive\\Documents\\API_TASK\\API_Building\\app.js","all":false,"statementMap":{"0":{"start":{"line":1,"column":0},"end":{"line":1,"column":35}},"1":{"start":{"line":2,"column":0},"end":{"line":2,"column":42}},"2":{"start":{"line":3,"column":0},"end":{"line":3,"column":37}},"3":{"start":{"line":4,"column":0},"end":{"line":4,"column":33}},"4":{"start":{"line":5,"column":0},"end":{"line":5,"column":0}},"5":{"start":{"line":6,"column":0},"end":{"line":6,"column":44}},"6":{"start":{"line":7,"column":0},"end":{"line":7,"column":0}},"7":{"start":{"line":8,"column":0},"end":{"line":8,"column":41}},"8":{"start":{"line":9,"column":0},"end":{"line":9,"column":49}},"9":{"start":{"line":10,"column":0},"end":{"line":10,"column":51}},"10":{"start":{"line":11,"column":0},"end":{"line":11,"column":57}},"11":{"start":{"line":12,"column":0},"end":{"line":12,"column":51}},"12":{"start":{"line":13,"column":0},"end":{"line":13,"column":0}},"13":{"start":{"line":14,"column":0},"end":{"line":14,"column":22}},"14":{"start":{"line":15,"column":0},"end":{"line":15,"column":0}},"15":{"start":{"line":16,"column":0},"end":{"line":16,"column":27}},"16":{"start":{"line":17,"column":0},"end":{"line":17,"column":52}},"17":{"start":{"line":18,"column":0},"end":{"line":18,"column":0}},"18":{"start":{"line":19,"column":0},"end":{"line":19,"column":18}},"19":{"start":{"line":20,"column":0},"end":{"line":20,"column":20}},"20":{"start":{"line":21,"column":0},"end":{"line":21,"column":21}},"21":{"start":{"line":22,"column":0},"end":{"line":22,"column":24}},"22":{"start":{"line":23,"column":0},"end":{"line":23,"column":21}},"23":{"start":{"line":24,"column":0},"end":{"line":24,"column":0}},"24":{"start":{"line":25,"column":0},"end":{"line":25,"column":17}},"25":{"start":{"line":26,"column":0},"end":{"line":26,"column":19}},"26":{"start":{"line":27,"column":0},"end":{"line":27,"column":28}},"27":{"start":{"line":28,"column":0},"end":{"line":28,"column":51}},"28":{"start":{"line":29,"column":0},"end":{"line":29,"column":7}},"29":{"start":{"line":30,"column":0},"end":{"line":30,"column":4}},"30":{"start":{"line":31,"column":0},"end":{"line":31,"column":21}},"31":{"start":{"line":32,"column":0},"end":{"line":32,"column":55}},"32":{"start":{"line":33,"column":0},"end":{"line":33,"column":5}},"33":{"start":{"line":34,"column":0},"end":{"line":34,"column":0}},"34":{"start":{"line":35,"column":0},"end":{"line":35,"column":0}},"35":{"start":{"line":36,"column":0},"end":{"line":36,"column":11}},"36":{"start":{"line":37,"column":0},"end":{"line":37,"column":14}},"37":{"start":{"line":38,"column":0},"end":{"line":38,"column":122}},"38":{"start":{"line":39,"column":0},"end":{"line":39,"column":6}},"39":{"start":{"line":40,"column":0},"end":{"line":40,"column":24}},"40":{"start":{"line":41,"column":0},"end":{"line":41,"column":57}},"41":{"start":{"line":42,"column":0},"end":{"line":42,"column":31}},"42":{"start":{"line":43,"column":0},"end":{"line":43,"column":54}},"43":{"start":{"line":44,"column":0},"end":{"line":44,"column":10}},"44":{"start":{"line":45,"column":0},"end":{"line":45,"column":7}},"45":{"start":{"line":46,"column":0},"end":{"line":46,"column":24}},"46":{"start":{"line":47,"column":0},"end":{"line":47,"column":58}},"47":{"start":{"line":48,"column":0},"end":{"line":48,"column":8}},"48":{"start":{"line":49,"column":0},"end":{"line":49,"column":0}},"49":{"start":{"line":50,"column":0},"end":{"line":50,"column":21}}},"s":{"0":1,"1":1,"2":1,"3":1,"4":1,"5":1,"6":1,"7":1,"8":1,"9":1,"10":1,"11":1,"12":1,"13":1,"14":1,"15":1,"16":1,"17":1,"18":1,"19":1,"20":1,"21":1,"22":1,"23":1,"24":1,"25":1,"26":1,"27":0,"28":1,"29":1,"30":1,"31":0,"32":1,"33":1,"34":1,"35":1,"36":1,"37":1,"38":1,"39":1,"40":1,"41":1,"42":1,"43":1,"44":1,"45":1,"46":1,"47":1,"48":1,"49":1},"branchMap":{"0":{"type":"branch","line":26,"loc":{"start":{"line":26,"column":6},"end":{"line":30,"column":4}},"locations":[{"start":{"line":26,"column":6},"end":{"line":30,"column":4}}]}},"b":{"0":[1]},"fnMap":{},"f":{}}
,"C:\\Users\\karan\\OneDrive\\Documents\\API_TASK\\API_Building\\connect.js": {"path":"C:\\Users\\karan\\OneDrive\\Documents\\API_TASK\\API_Building\\connect.js","all":false,"statementMap":{"0":{"start":{"line":1,"column":0},"end":{"line":1,"column":37}},"1":{"start":{"line":2,"column":0},"end":{"line":2,"column":0}},"2":{"start":{"line":3,"column":0},"end":{"line":3,"column":11}},"3":{"start":{"line":4,"column":0},"end":{"line":4,"column":121}},"4":{"start":{"line":5,"column":0},"end":{"line":5,"column":88}},"5":{"start":{"line":6,"column":0},"end":{"line":6,"column":0}},"6":{"start":{"line":7,"column":0},"end":{"line":7,"column":41}},"7":{"start":{"line":8,"column":0},"end":{"line":8,"column":0}},"8":{"start":{"line":9,"column":0},"end":{"line":9,"column":17}},"9":{"start":{"line":10,"column":0},"end":{"line":10,"column":26}},"10":{"start":{"line":11,"column":0},"end":{"line":11,"column":27}},"11":{"start":{"line":12,"column":0},"end":{"line":12,"column":0}},"12":{"start":{"line":13,"column":0},"end":{"line":13,"column":1}},"13":{"start":{"line":14,"column":0},"end":{"line":14,"column":0}},"14":{"start":{"line":15,"column":0},"end":{"line":15,"column":37}},"15":{"start":{"line":16,"column":0},"end":{"line":16,"column":7}},"16":{"start":{"line":17,"column":0},"end":{"line":17,"column":42}},"17":{"start":{"line":18,"column":0},"end":{"line":18,"column":43}},"18":{"start":{"line":19,"column":0},"end":{"line":19,"column":19}},"19":{"start":{"line":20,"column":0},"end":{"line":20,"column":55}},"20":{"start":{"line":21,"column":0},"end":{"line":21,"column":4}},"21":{"start":{"line":22,"column":0},"end":{"line":22,"column":2}},"22":{"start":{"line":23,"column":0},"end":{"line":23,"column":0}},"23":{"start":{"line":24,"column":0},"end":{"line":24,"column":33}}},"s":{"0":1,"1":1,"2":1,"3":1,"4":1,"5":1,"6":1,"7":1,"8":1,"9":1,"10":1,"11":1,"12":1,"13":1,"14":1,"15":1,"16":1,"17":1,"18":0,"19":0,"20":1,"21":1,"22":1,"23":1},"branchMap":{"0":{"type":"branch","line":15,"loc":{"start":{"line":15,"column":21},"end":{"line":15,"column":24}},"locations":[{"start":{"line":15,"column":21},"end":{"line":15,"column":24}}]},"1":{"type":"branch","line":15,"loc":{"start":{"line":15,"column":24},"end":{"line":20,"column":55}},"locations":[{"start":{"line":15,"column":24},"end":{"line":20,"column":55}}]},"2":{"type":"branch","line":15,"loc":{"start":{"line":15,"column":24},"end":{"line":20,"column":55}},"locations":[{"start":{"line":15,"column":24},"end":{"line":20,"column":55}}]},"3":{"type":"branch","line":15,"loc":{"start":{"line":15,"column":24},"end":{"line":20,"column":55}},"locations":[{"start":{"line":15,"column":24},"end":{"line":20,"column":55}}]},"4":{"type":"branch","line":15,"loc":{"start":{"line":15,"column":24},"end":{"line":17,"column":42}},"locations":[{"start":{"line":15,"column":24},"end":{"line":17,"column":42}}]},"5":{"type":"branch","line":17,"loc":{"start":{"line":17,"column":41},"end":{"line":18,"column":43}},"locations":[{"start":{"line":17,"column":41},"end":{"line":18,"column":43}}]},"6":{"type":"branch","line":19,"loc":{"start":{"line":19,"column":-2},"end":{"line":20,"column":55}},"locations":[{"start":{"line":19,"column":-2},"end":{"line":20,"column":55}}]}},"b":{"0":[1],"1":[1],"2":[2],"3":[3],"4":[1],"5":[1],"6":[0]},"fnMap":{"0":{"name":"_callee","decl":{"start":{"line":15,"column":24},"end":{"line":20,"column":55}},"loc":{"start":{"line":15,"column":24},"end":{"line":20,"column":55}},"line":15},"1":{"name":"_callee$","decl":{"start":{"line":15,"column":24},"end":{"line":20,"column":55}},"loc":{"start":{"line":15,"column":24},"end":{"line":20,"column":55}},"line":15}},"f":{"0":1,"1":2}}
,"C:\\Users\\karan\\OneDrive\\Documents\\API_TASK\\API_Building\\controllers\\childController.js": {"path":"C:\\Users\\karan\\OneDrive\\Documents\\API_TASK\\API_Building\\controllers\\childController.js","all":false,"statementMap":{"0":{"start":{"line":1,"column":0},"end":{"line":1,"column":40}},"1":{"start":{"line":2,"column":0},"end":{"line":2,"column":46}},"2":{"start":{"line":3,"column":0},"end":{"line":3,"column":33}},"3":{"start":{"line":4,"column":0},"end":{"line":4,"column":0}},"4":{"start":{"line":5,"column":0},"end":{"line":5,"column":49}},"5":{"start":{"line":6,"column":0},"end":{"line":6,"column":7}},"6":{"start":{"line":7,"column":0},"end":{"line":7,"column":68}},"7":{"start":{"line":8,"column":0},"end":{"line":8,"column":0}},"8":{"start":{"line":9,"column":0},"end":{"line":9,"column":15}},"9":{"start":{"line":10,"column":0},"end":{"line":10,"column":38}},"10":{"start":{"line":11,"column":0},"end":{"line":11,"column":0}},"11":{"start":{"line":12,"column":0},"end":{"line":12,"column":30}},"12":{"start":{"line":13,"column":0},"end":{"line":13,"column":0}},"13":{"start":{"line":14,"column":0},"end":{"line":14,"column":45}},"14":{"start":{"line":15,"column":0},"end":{"line":15,"column":0}},"15":{"start":{"line":16,"column":0},"end":{"line":16,"column":54}},"16":{"start":{"line":17,"column":0},"end":{"line":17,"column":0}},"17":{"start":{"line":18,"column":0},"end":{"line":18,"column":14}},"18":{"start":{"line":19,"column":0},"end":{"line":19,"column":82}},"19":{"start":{"line":20,"column":0},"end":{"line":20,"column":55}},"20":{"start":{"line":21,"column":0},"end":{"line":21,"column":5}},"21":{"start":{"line":22,"column":0},"end":{"line":22,"column":15}},"22":{"start":{"line":23,"column":0},"end":{"line":23,"column":63}},"23":{"start":{"line":24,"column":0},"end":{"line":24,"column":5}},"24":{"start":{"line":25,"column":0},"end":{"line":25,"column":13}},"25":{"start":{"line":26,"column":0},"end":{"line":26,"column":21}},"26":{"start":{"line":27,"column":0},"end":{"line":27,"column":43}},"27":{"start":{"line":28,"column":0},"end":{"line":28,"column":12}},"28":{"start":{"line":29,"column":0},"end":{"line":29,"column":40}},"29":{"start":{"line":30,"column":0},"end":{"line":30,"column":5}},"30":{"start":{"line":31,"column":0},"end":{"line":31,"column":26}},"31":{"start":{"line":32,"column":0},"end":{"line":32,"column":20}},"32":{"start":{"line":33,"column":0},"end":{"line":33,"column":38}},"33":{"start":{"line":34,"column":0},"end":{"line":34,"column":33}},"34":{"start":{"line":35,"column":0},"end":{"line":35,"column":19}},"35":{"start":{"line":36,"column":0},"end":{"line":36,"column":7}},"36":{"start":{"line":37,"column":0},"end":{"line":37,"column":19}},"37":{"start":{"line":38,"column":0},"end":{"line":38,"column":23}},"38":{"start":{"line":39,"column":0},"end":{"line":39,"column":69}},"39":{"start":{"line":40,"column":0},"end":{"line":40,"column":3}},"40":{"start":{"line":41,"column":0},"end":{"line":41,"column":2}},"41":{"start":{"line":42,"column":0},"end":{"line":42,"column":0}},"42":{"start":{"line":43,"column":0},"end":{"line":43,"column":52}},"43":{"start":{"line":44,"column":0},"end":{"line":44,"column":10}},"44":{"start":{"line":45,"column":0},"end":{"line":45,"column":33}},"45":{"start":{"line":46,"column":0},"end":{"line":46,"column":0}},"46":{"start":{"line":47,"column":0},"end":{"line":47,"column":17}},"47":{"start":{"line":48,"column":0},"end":{"line":48,"column":35}},"48":{"start":{"line":49,"column":0},"end":{"line":49,"column":8}},"49":{"start":{"line":50,"column":0},"end":{"line":50,"column":69}},"50":{"start":{"line":51,"column":0},"end":{"line":51,"column":0}},"51":{"start":{"line":52,"column":0},"end":{"line":52,"column":23}},"52":{"start":{"line":53,"column":0},"end":{"line":53,"column":53}},"53":{"start":{"line":54,"column":0},"end":{"line":54,"column":11}},"54":{"start":{"line":55,"column":0},"end":{"line":55,"column":0}},"55":{"start":{"line":56,"column":0},"end":{"line":56,"column":29}},"56":{"start":{"line":57,"column":0},"end":{"line":57,"column":23}},"57":{"start":{"line":58,"column":0},"end":{"line":58,"column":41}},"58":{"start":{"line":59,"column":0},"end":{"line":59,"column":36}},"59":{"start":{"line":60,"column":0},"end":{"line":60,"column":21}},"60":{"start":{"line":61,"column":0},"end":{"line":61,"column":10}},"61":{"start":{"line":62,"column":0},"end":{"line":62,"column":22}},"62":{"start":{"line":63,"column":0},"end":{"line":63,"column":29}},"63":{"start":{"line":64,"column":0},"end":{"line":64,"column":72}},"64":{"start":{"line":65,"column":0},"end":{"line":65,"column":6}},"65":{"start":{"line":66,"column":0},"end":{"line":66,"column":5}},"66":{"start":{"line":67,"column":0},"end":{"line":67,"column":0}},"67":{"start":{"line":68,"column":0},"end":{"line":68,"column":49}},"68":{"start":{"line":69,"column":0},"end":{"line":69,"column":7}},"69":{"start":{"line":70,"column":0},"end":{"line":70,"column":79}},"70":{"start":{"line":71,"column":0},"end":{"line":71,"column":15}},"71":{"start":{"line":72,"column":0},"end":{"line":72,"column":0}},"72":{"start":{"line":73,"column":0},"end":{"line":73,"column":64}},"73":{"start":{"line":74,"column":0},"end":{"line":74,"column":46}},"74":{"start":{"line":75,"column":0},"end":{"line":75,"column":5}},"75":{"start":{"line":76,"column":0},"end":{"line":76,"column":0}},"76":{"start":{"line":77,"column":0},"end":{"line":77,"column":29}},"77":{"start":{"line":78,"column":0},"end":{"line":78,"column":11}},"78":{"start":{"line":79,"column":0},"end":{"line":79,"column":10}},"79":{"start":{"line":80,"column":0},"end":{"line":80,"column":10}},"80":{"start":{"line":81,"column":0},"end":{"line":81,"column":18}},"81":{"start":{"line":82,"column":0},"end":{"line":82,"column":18}},"82":{"start":{"line":83,"column":0},"end":{"line":83,"column":18}},"83":{"start":{"line":84,"column":0},"end":{"line":84,"column":15}},"84":{"start":{"line":85,"column":0},"end":{"line":85,"column":21}},"85":{"start":{"line":86,"column":0},"end":{"line":86,"column":7}},"86":{"start":{"line":87,"column":0},"end":{"line":87,"column":0}},"87":{"start":{"line":88,"column":0},"end":{"line":88,"column":23}},"88":{"start":{"line":89,"column":0},"end":{"line":89,"column":0}},"89":{"start":{"line":90,"column":0},"end":{"line":90,"column":26}},"90":{"start":{"line":91,"column":0},"end":{"line":91,"column":20}},"91":{"start":{"line":92,"column":0},"end":{"line":92,"column":44}},"92":{"start":{"line":93,"column":0},"end":{"line":93,"column":33}},"93":{"start":{"line":94,"column":0},"end":{"line":94,"column":18}},"94":{"start":{"line":95,"column":0},"end":{"line":95,"column":7}},"95":{"start":{"line":96,"column":0},"end":{"line":96,"column":19}},"96":{"start":{"line":97,"column":0},"end":{"line":97,"column":26}},"97":{"start":{"line":98,"column":0},"end":{"line":98,"column":69}},"98":{"start":{"line":99,"column":0},"end":{"line":99,"column":3}},"99":{"start":{"line":100,"column":0},"end":{"line":100,"column":2}},"100":{"start":{"line":101,"column":0},"end":{"line":101,"column":0}},"101":{"start":{"line":102,"column":0},"end":{"line":102,"column":49}},"102":{"start":{"line":103,"column":0},"end":{"line":103,"column":7}},"103":{"start":{"line":104,"column":0},"end":{"line":104,"column":29}},"104":{"start":{"line":105,"column":0},"end":{"line":105,"column":0}},"105":{"start":{"line":106,"column":0},"end":{"line":106,"column":79}},"106":{"start":{"line":107,"column":0},"end":{"line":107,"column":0}},"107":{"start":{"line":108,"column":0},"end":{"line":108,"column":14}},"108":{"start":{"line":109,"column":0},"end":{"line":109,"column":32}},"109":{"start":{"line":110,"column":0},"end":{"line":110,"column":5}},"110":{"start":{"line":111,"column":0},"end":{"line":111,"column":0}},"111":{"start":{"line":112,"column":0},"end":{"line":112,"column":64}},"112":{"start":{"line":113,"column":0},"end":{"line":113,"column":46}},"113":{"start":{"line":114,"column":0},"end":{"line":114,"column":5}},"114":{"start":{"line":115,"column":0},"end":{"line":115,"column":0}},"115":{"start":{"line":116,"column":0},"end":{"line":116,"column":50}},"116":{"start":{"line":117,"column":0},"end":{"line":117,"column":0}},"117":{"start":{"line":118,"column":0},"end":{"line":118,"column":47}},"118":{"start":{"line":119,"column":0},"end":{"line":119,"column":25}},"119":{"start":{"line":120,"column":0},"end":{"line":120,"column":63}},"120":{"start":{"line":121,"column":0},"end":{"line":121,"column":6}},"121":{"start":{"line":122,"column":0},"end":{"line":122,"column":0}},"122":{"start":{"line":123,"column":0},"end":{"line":123,"column":26}},"123":{"start":{"line":124,"column":0},"end":{"line":124,"column":20}},"124":{"start":{"line":125,"column":0},"end":{"line":125,"column":44}},"125":{"start":{"line":126,"column":0},"end":{"line":126,"column":33}},"126":{"start":{"line":127,"column":0},"end":{"line":127,"column":25}},"127":{"start":{"line":128,"column":0},"end":{"line":128,"column":7}},"128":{"start":{"line":129,"column":0},"end":{"line":129,"column":19}},"129":{"start":{"line":130,"column":0},"end":{"line":130,"column":26}},"130":{"start":{"line":131,"column":0},"end":{"line":131,"column":69}},"131":{"start":{"line":132,"column":0},"end":{"line":132,"column":3}},"132":{"start":{"line":133,"column":0},"end":{"line":133,"column":2}},"133":{"start":{"line":134,"column":0},"end":{"line":134,"column":0}},"134":{"start":{"line":135,"column":0},"end":{"line":135,"column":49}},"135":{"start":{"line":136,"column":0},"end":{"line":136,"column":7}},"136":{"start":{"line":137,"column":0},"end":{"line":137,"column":29}},"137":{"start":{"line":138,"column":0},"end":{"line":138,"column":0}},"138":{"start":{"line":139,"column":0},"end":{"line":139,"column":14}},"139":{"start":{"line":140,"column":0},"end":{"line":140,"column":38}},"140":{"start":{"line":141,"column":0},"end":{"line":141,"column":5}},"141":{"start":{"line":142,"column":0},"end":{"line":142,"column":50}},"142":{"start":{"line":143,"column":0},"end":{"line":143,"column":0}},"143":{"start":{"line":144,"column":0},"end":{"line":144,"column":47}},"144":{"start":{"line":145,"column":0},"end":{"line":145,"column":25}},"145":{"start":{"line":146,"column":0},"end":{"line":146,"column":25}},"146":{"start":{"line":147,"column":0},"end":{"line":147,"column":6}},"147":{"start":{"line":148,"column":0},"end":{"line":148,"column":26}},"148":{"start":{"line":149,"column":0},"end":{"line":149,"column":20}},"149":{"start":{"line":150,"column":0},"end":{"line":150,"column":44}},"150":{"start":{"line":151,"column":0},"end":{"line":151,"column":25}},"151":{"start":{"line":152,"column":0},"end":{"line":152,"column":33}},"152":{"start":{"line":153,"column":0},"end":{"line":153,"column":7}},"153":{"start":{"line":154,"column":0},"end":{"line":154,"column":19}},"154":{"start":{"line":155,"column":0},"end":{"line":155,"column":26}},"155":{"start":{"line":156,"column":0},"end":{"line":156,"column":69}},"156":{"start":{"line":157,"column":0},"end":{"line":157,"column":3}},"157":{"start":{"line":158,"column":0},"end":{"line":158,"column":2}}},"s":{"0":1,"1":1,"2":1,"3":1,"4":1,"5":6,"6":6,"7":6,"8":6,"9":6,"10":6,"11":6,"12":6,"13":6,"14":6,"15":6,"16":6,"17":6,"18":0,"19":0,"20":0,"21":6,"22":0,"23":0,"24":6,"25":0,"26":0,"27":6,"28":6,"29":6,"30":6,"31":6,"32":6,"33":6,"34":6,"35":6,"36":0,"37":0,"38":0,"39":1,"40":1,"41":1,"42":1,"43":1,"44":1,"45":1,"46":1,"47":1,"48":1,"49":1,"50":1,"51":1,"52":1,"53":1,"54":1,"55":1,"56":1,"57":1,"58":1,"59":1,"60":1,"61":1,"62":1,"63":1,"64":1,"65":1,"66":1,"67":1,"68":3,"69":3,"70":3,"71":3,"72":3,"73":1,"74":2,"75":2,"76":2,"77":2,"78":2,"79":2,"80":2,"81":2,"82":2,"83":2,"84":2,"85":2,"86":2,"87":2,"88":2,"89":2,"90":2,"91":2,"92":2,"93":2,"94":2,"95":1,"96":1,"97":1,"98":1,"99":1,"100":1,"101":1,"102":3,"103":3,"104":3,"105":3,"106":3,"107":3,"108":1,"109":2,"110":2,"111":2,"112":1,"113":1,"114":1,"115":1,"116":1,"117":1,"118":1,"119":1,"120":1,"121":1,"122":1,"123":1,"124":1,"125":1,"126":1,"127":1,"128":2,"129":2,"130":2,"131":1,"132":1,"133":1,"134":1,"135":2,"136":2,"137":2,"138":2,"139":1,"140":1,"141":1,"142":1,"143":1,"144":1,"145":1,"146":1,"147":1,"148":1,"149":1,"150":1,"151":1,"152":1,"153":1,"154":1,"155":1,"156":1,"157":1},"branchMap":{"0":{"type":"branch","line":2,"loc":{"start":{"line":2,"column":0},"end":{"line":2,"column":6}},"locations":[{"start":{"line":2,"column":0},"end":{"line":2,"column":6}}]},"1":{"type":"branch","line":2,"loc":{"start":{"line":2,"column":0},"end":{"line":2,"column":6}},"locations":[{"start":{"line":2,"column":0},"end":{"line":2,"column":6}}]},"2":{"type":"branch","line":2,"loc":{"start":{"line":2,"column":0},"end":{"line":2,"column":6}},"locations":[{"start":{"line":2,"column":0},"end":{"line":2,"column":6}}]},"3":{"type":"branch","line":2,"loc":{"start":{"line":2,"column":0},"end":{"line":2,"column":6}},"locations":[{"start":{"line":2,"column":0},"end":{"line":2,"column":6}}]},"4":{"type":"branch","line":2,"loc":{"start":{"line":2,"column":0},"end":{"line":2,"column":6}},"locations":[{"start":{"line":2,"column":0},"end":{"line":2,"column":6}}]},"5":{"type":"branch","line":2,"loc":{"start":{"line":2,"column":0},"end":{"line":2,"column":6}},"locations":[{"start":{"line":2,"column":0},"end":{"line":2,"column":6}}]},"6":{"type":"branch","line":2,"loc":{"start":{"line":2,"column":0},"end":{"line":2,"column":6}},"locations":[{"start":{"line":2,"column":0},"end":{"line":2,"column":6}}]},"7":{"type":"branch","line":2,"loc":{"start":{"line":2,"column":0},"end":{"line":2,"column":6}},"locations":[{"start":{"line":2,"column":0},"end":{"line":2,"column":6}}]},"8":{"type":"branch","line":2,"loc":{"start":{"line":2,"column":0},"end":{"line":2,"column":6}},"locations":[{"start":{"line":2,"column":0},"end":{"line":2,"column":6}}]},"9":{"type":"branch","line":2,"loc":{"start":{"line":2,"column":0},"end":{"line":2,"column":6}},"locations":[{"start":{"line":2,"column":0},"end":{"line":2,"column":6}}]},"10":{"type":"branch","line":2,"loc":{"start":{"line":2,"column":0},"end":{"line":2,"column":6}},"locations":[{"start":{"line":2,"column":0},"end":{"line":2,"column":6}}]},"11":{"type":"branch","line":2,"loc":{"start":{"line":2,"column":0},"end":{"line":2,"column":6}},"locations":[{"start":{"line":2,"column":0},"end":{"line":2,"column":6}}]},"12":{"type":"branch","line":2,"loc":{"start":{"line":2,"column":0},"end":{"line":2,"column":6}},"locations":[{"start":{"line":2,"column":0},"end":{"line":2,"column":6}}]},"13":{"type":"branch","line":2,"loc":{"start":{"line":2,"column":0},"end":{"line":2,"column":6}},"locations":[{"start":{"line":2,"column":0},"end":{"line":2,"column":6}}]},"14":{"type":"branch","line":2,"loc":{"start":{"line":2,"column":0},"end":{"line":2,"column":6}},"locations":[{"start":{"line":2,"column":0},"end":{"line":2,"column":6}}]},"15":{"type":"branch","line":2,"loc":{"start":{"line":2,"column":0},"end":{"line":2,"column":6}},"locations":[{"start":{"line":2,"column":0},"end":{"line":2,"column":6}}]},"16":{"type":"branch","line":2,"loc":{"start":{"line":2,"column":0},"end":{"line":2,"column":6}},"locations":[{"start":{"line":2,"column":0},"end":{"line":2,"column":6}}]},"17":{"type":"branch","line":2,"loc":{"start":{"line":2,"column":0},"end":{"line":2,"column":6}},"locations":[{"start":{"line":2,"column":0},"end":{"line":2,"column":6}}]},"18":{"type":"branch","line":2,"loc":{"start":{"line":2,"column":0},"end":{"line":2,"column":6}},"locations":[{"start":{"line":2,"column":0},"end":{"line":2,"column":6}}]},"19":{"type":"branch","line":2,"loc":{"start":{"line":2,"column":0},"end":{"line":2,"column":6}},"locations":[{"start":{"line":2,"column":0},"end":{"line":2,"column":6}}]},"20":{"type":"branch","line":2,"loc":{"start":{"line":2,"column":0},"end":{"line":2,"column":6}},"locations":[{"start":{"line":2,"column":0},"end":{"line":2,"column":6}}]},"21":{"type":"branch","line":2,"loc":{"start":{"line":2,"column":0},"end":{"line":2,"column":6}},"locations":[{"start":{"line":2,"column":0},"end":{"line":2,"column":6}}]},"22":{"type":"branch","line":2,"loc":{"start":{"line":2,"column":0},"end":{"line":2,"column":6}},"locations":[{"start":{"line":2,"column":0},"end":{"line":2,"column":6}}]},"23":{"type":"branch","line":2,"loc":{"start":{"line":2,"column":0},"end":{"line":2,"column":6}},"locations":[{"start":{"line":2,"column":0},"end":{"line":2,"column":6}}]},"24":{"type":"branch","line":2,"loc":{"start":{"line":2,"column":0},"end":{"line":2,"column":6}},"locations":[{"start":{"line":2,"column":0},"end":{"line":2,"column":6}}]},"25":{"type":"branch","line":2,"loc":{"start":{"line":2,"column":0},"end":{"line":2,"column":6}},"locations":[{"start":{"line":2,"column":0},"end":{"line":2,"column":6}}]},"26":{"type":"branch","line":2,"loc":{"start":{"line":2,"column":0},"end":{"line":2,"column":6}},"locations":[{"start":{"line":2,"column":0},"end":{"line":2,"column":6}}]},"27":{"type":"branch","line":2,"loc":{"start":{"line":2,"column":0},"end":{"line":2,"column":6}},"locations":[{"start":{"line":2,"column":0},"end":{"line":2,"column":6}}]},"28":{"type":"branch","line":2,"loc":{"start":{"line":2,"column":0},"end":{"line":2,"column":6}},"locations":[{"start":{"line":2,"column":0},"end":{"line":2,"column":6}}]},"29":{"type":"branch","line":2,"loc":{"start":{"line":2,"column":0},"end":{"line":2,"column":6}},"locations":[{"start":{"line":2,"column":0},"end":{"line":2,"column":6}}]},"30":{"type":"branch","line":2,"loc":{"start":{"line":2,"column":0},"end":{"line":2,"column":6}},"locations":[{"start":{"line":2,"column":0},"end":{"line":2,"column":6}}]},"31":{"type":"branch","line":2,"loc":{"start":{"line":2,"column":0},"end":{"line":2,"column":6}},"locations":[{"start":{"line":2,"column":0},"end":{"line":2,"column":6}}]},"32":{"type":"branch","line":2,"loc":{"start":{"line":2,"column":0},"end":{"line":2,"column":6}},"locations":[{"start":{"line":2,"column":0},"end":{"line":2,"column":6}}]},"33":{"type":"branch","line":2,"loc":{"start":{"line":2,"column":0},"end":{"line":2,"column":6}},"locations":[{"start":{"line":2,"column":0},"end":{"line":2,"column":6}}]},"34":{"type":"branch","line":2,"loc":{"start":{"line":2,"column":0},"end":{"line":2,"column":6}},"locations":[{"start":{"line":2,"column":0},"end":{"line":2,"column":6}}]},"35":{"type":"branch","line":2,"loc":{"start":{"line":2,"column":0},"end":{"line":2,"column":6}},"locations":[{"start":{"line":2,"column":0},"end":{"line":2,"column":6}}]},"36":{"type":"branch","line":2,"loc":{"start":{"line":2,"column":0},"end":{"line":2,"column":6}},"locations":[{"start":{"line":2,"column":0},"end":{"line":2,"column":6}}]},"37":{"type":"branch","line":2,"loc":{"start":{"line":2,"column":0},"end":{"line":2,"column":6}},"locations":[{"start":{"line":2,"column":0},"end":{"line":2,"column":6}}]},"38":{"type":"branch","line":2,"loc":{"start":{"line":2,"column":0},"end":{"line":2,"column":6}},"locations":[{"start":{"line":2,"column":0},"end":{"line":2,"column":6}}]},"39":{"type":"branch","line":2,"loc":{"start":{"line":2,"column":0},"end":{"line":2,"column":6}},"locations":[{"start":{"line":2,"column":0},"end":{"line":2,"column":6}}]},"40":{"type":"branch","line":2,"loc":{"start":{"line":2,"column":0},"end":{"line":2,"column":6}},"locations":[{"start":{"line":2,"column":0},"end":{"line":2,"column":6}}]},"41":{"type":"branch","line":2,"loc":{"start":{"line":2,"column":0},"end":{"line":2,"column":6}},"locations":[{"start":{"line":2,"column":0},"end":{"line":2,"column":6}}]},"42":{"type":"branch","line":2,"loc":{"start":{"line":2,"column":0},"end":{"line":2,"column":6}},"locations":[{"start":{"line":2,"column":0},"end":{"line":2,"column":6}}]},"43":{"type":"branch","line":2,"loc":{"start":{"line":2,"column":0},"end":{"line":2,"column":6}},"locations":[{"start":{"line":2,"column":0},"end":{"line":2,"column":6}}]},"44":{"type":"branch","line":2,"loc":{"start":{"line":2,"column":0},"end":{"line":2,"column":6}},"locations":[{"start":{"line":2,"column":0},"end":{"line":2,"column":6}}]},"45":{"type":"branch","line":2,"loc":{"start":{"line":2,"column":0},"end":{"line":2,"column":6}},"locations":[{"start":{"line":2,"column":0},"end":{"line":2,"column":6}}]},"46":{"type":"branch","line":2,"loc":{"start":{"line":2,"column":0},"end":{"line":2,"column":6}},"locations":[{"start":{"line":2,"column":0},"end":{"line":2,"column":6}}]},"47":{"type":"branch","line":2,"loc":{"start":{"line":2,"column":0},"end":{"line":2,"column":6}},"locations":[{"start":{"line":2,"column":0},"end":{"line":2,"column":6}}]},"48":{"type":"branch","line":2,"loc":{"start":{"line":2,"column":0},"end":{"line":2,"column":6}},"locations":[{"start":{"line":2,"column":0},"end":{"line":2,"column":6}}]},"49":{"type":"branch","line":2,"loc":{"start":{"line":2,"column":0},"end":{"line":2,"column":6}},"locations":[{"start":{"line":2,"column":0},"end":{"line":2,"column":6}}]},"50":{"type":"branch","line":2,"loc":{"start":{"line":2,"column":0},"end":{"line":2,"column":6}},"locations":[{"start":{"line":2,"column":0},"end":{"line":2,"column":6}}]},"51":{"type":"branch","line":2,"loc":{"start":{"line":2,"column":0},"end":{"line":2,"column":6}},"locations":[{"start":{"line":2,"column":0},"end":{"line":2,"column":6}}]},"52":{"type":"branch","line":2,"loc":{"start":{"line":2,"column":0},"end":{"line":2,"column":6}},"locations":[{"start":{"line":2,"column":0},"end":{"line":2,"column":6}}]},"53":{"type":"branch","line":2,"loc":{"start":{"line":2,"column":0},"end":{"line":2,"column":6}},"locations":[{"start":{"line":2,"column":0},"end":{"line":2,"column":6}}]},"54":{"type":"branch","line":2,"loc":{"start":{"line":2,"column":0},"end":{"line":2,"column":6}},"locations":[{"start":{"line":2,"column":0},"end":{"line":2,"column":6}}]},"55":{"type":"branch","line":2,"loc":{"start":{"line":2,"column":0},"end":{"line":2,"column":6}},"locations":[{"start":{"line":2,"column":0},"end":{"line":2,"column":6}}]},"56":{"type":"branch","line":2,"loc":{"start":{"line":2,"column":0},"end":{"line":2,"column":6}},"locations":[{"start":{"line":2,"column":0},"end":{"line":2,"column":6}}]},"57":{"type":"branch","line":2,"loc":{"start":{"line":2,"column":0},"end":{"line":2,"column":6}},"locations":[{"start":{"line":2,"column":0},"end":{"line":2,"column":6}}]},"58":{"type":"branch","line":2,"loc":{"start":{"line":2,"column":0},"end":{"line":2,"column":6}},"locations":[{"start":{"line":2,"column":0},"end":{"line":2,"column":6}}]},"59":{"type":"branch","line":2,"loc":{"start":{"line":2,"column":0},"end":{"line":2,"column":6}},"locations":[{"start":{"line":2,"column":0},"end":{"line":2,"column":6}}]},"60":{"type":"branch","line":2,"loc":{"start":{"line":2,"column":0},"end":{"line":2,"column":6}},"locations":[{"start":{"line":2,"column":0},"end":{"line":2,"column":6}}]},"61":{"type":"branch","line":2,"loc":{"start":{"line":2,"column":0},"end":{"line":2,"column":6}},"locations":[{"start":{"line":2,"column":0},"end":{"line":2,"column":6}}]},"62":{"type":"branch","line":2,"loc":{"start":{"line":2,"column":0},"end":{"line":2,"column":6}},"locations":[{"start":{"line":2,"column":0},"end":{"line":2,"column":6}}]},"63":{"type":"branch","line":5,"loc":{"start":{"line":5,"column":19},"end":{"line":41,"column":2}},"locations":[{"start":{"line":5,"column":19},"end":{"line":41,"column":2}}]},"64":{"type":"branch","line":5,"loc":{"start":{"line":5,"column":22},"end":{"line":39,"column":69}},"locations":[{"start":{"line":5,"column":22},"end":{"line":39,"column":69}}]},"65":{"type":"branch","line":5,"loc":{"start":{"line":5,"column":43},"end":{"line":39,"column":69}},"locations":[{"start":{"line":5,"column":43},"end":{"line":39,"column":69}}]},"66":{"type":"branch","line":5,"loc":{"start":{"line":5,"column":43},"end":{"line":39,"column":69}},"locations":[{"start":{"line":5,"column":43},"end":{"line":39,"column":69}}]},"67":{"type":"branch","line":5,"loc":{"start":{"line":5,"column":43},"end":{"line":27,"column":43}},"locations":[{"start":{"line":5,"column":43},"end":{"line":27,"column":43}}]},"68":{"type":"branch","line":12,"loc":{"start":{"line":12,"column":13},"end":{"line":12,"column":30}},"locations":[{"start":{"line":12,"column":13},"end":{"line":12,"column":30}}]},"69":{"type":"branch","line":14,"loc":{"start":{"line":14,"column":18},"end":{"line":14,"column":45}},"locations":[{"start":{"line":14,"column":18},"end":{"line":14,"column":45}}]},"70":{"type":"branch","line":16,"loc":{"start":{"line":16,"column":21},"end":{"line":16,"column":54}},"locations":[{"start":{"line":16,"column":21},"end":{"line":16,"column":54}}]},"71":{"type":"branch","line":18,"loc":{"start":{"line":18,"column":13},"end":{"line":21,"column":5}},"locations":[{"start":{"line":18,"column":13},"end":{"line":21,"column":5}}]},"72":{"type":"branch","line":22,"loc":{"start":{"line":22,"column":14},"end":{"line":24,"column":5}},"locations":[{"start":{"line":22,"column":14},"end":{"line":24,"column":5}}]},"73":{"type":"branch","line":25,"loc":{"start":{"line":25,"column":10},"end":{"line":27,"column":43}},"locations":[{"start":{"line":25,"column":10},"end":{"line":27,"column":43}}]},"74":{"type":"branch","line":27,"loc":{"start":{"line":27,"column":42},"end":{"line":27,"column":21}},"locations":[{"start":{"line":27,"column":42},"end":{"line":27,"column":21}}]},"75":{"type":"branch","line":27,"loc":{"start":{"line":27,"column":12},"end":{"line":29,"column":40}},"locations":[{"start":{"line":27,"column":12},"end":{"line":29,"column":40}}]},"76":{"type":"branch","line":29,"loc":{"start":{"line":29,"column":39},"end":{"line":29,"column":21}},"locations":[{"start":{"line":29,"column":39},"end":{"line":29,"column":21}}]},"77":{"type":"branch","line":29,"loc":{"start":{"line":29,"column":12},"end":{"line":36,"column":7}},"locations":[{"start":{"line":29,"column":12},"end":{"line":36,"column":7}}]},"78":{"type":"branch","line":37,"loc":{"start":{"line":37,"column":-2},"end":{"line":39,"column":69}},"locations":[{"start":{"line":37,"column":-2},"end":{"line":39,"column":69}}]},"79":{"type":"branch","line":41,"loc":{"start":{"line":41,"column":1},"end":{"line":41,"column":2}},"locations":[{"start":{"line":41,"column":1},"end":{"line":41,"column":2}}]},"80":{"type":"branch","line":68,"loc":{"start":{"line":68,"column":19},"end":{"line":100,"column":2}},"locations":[{"start":{"line":68,"column":19},"end":{"line":100,"column":2}}]},"81":{"type":"branch","line":68,"loc":{"start":{"line":68,"column":22},"end":{"line":98,"column":69}},"locations":[{"start":{"line":68,"column":22},"end":{"line":98,"column":69}}]},"82":{"type":"branch","line":68,"loc":{"start":{"line":68,"column":43},"end":{"line":98,"column":69}},"locations":[{"start":{"line":68,"column":43},"end":{"line":98,"column":69}}]},"83":{"type":"branch","line":68,"loc":{"start":{"line":68,"column":43},"end":{"line":98,"column":69}},"locations":[{"start":{"line":68,"column":43},"end":{"line":98,"column":69}}]},"84":{"type":"branch","line":68,"loc":{"start":{"line":68,"column":43},"end":{"line":74,"column":46}},"locations":[{"start":{"line":68,"column":43},"end":{"line":74,"column":46}}]},"85":{"type":"branch","line":73,"loc":{"start":{"line":73,"column":13},"end":{"line":73,"column":21}},"locations":[{"start":{"line":73,"column":13},"end":{"line":73,"column":21}}]},"86":{"type":"branch","line":73,"loc":{"start":{"line":73,"column":21},"end":{"line":73,"column":29}},"locations":[{"start":{"line":73,"column":21},"end":{"line":73,"column":29}}]},"87":{"type":"branch","line":73,"loc":{"start":{"line":73,"column":29},"end":{"line":73,"column":45}},"locations":[{"start":{"line":73,"column":29},"end":{"line":73,"column":45}}]},"88":{"type":"branch","line":73,"loc":{"start":{"line":73,"column":45},"end":{"line":73,"column":61}},"locations":[{"start":{"line":73,"column":45},"end":{"line":73,"column":61}}]},"89":{"type":"branch","line":73,"loc":{"start":{"line":73,"column":61},"end":{"line":73,"column":64}},"locations":[{"start":{"line":73,"column":61},"end":{"line":73,"column":64}}]},"90":{"type":"branch","line":73,"loc":{"start":{"line":73,"column":61},"end":{"line":74,"column":46}},"locations":[{"start":{"line":73,"column":61},"end":{"line":74,"column":46}}]},"91":{"type":"branch","line":74,"loc":{"start":{"line":74,"column":45},"end":{"line":88,"column":23}},"locations":[{"start":{"line":74,"column":45},"end":{"line":88,"column":23}}]},"92":{"type":"branch","line":88,"loc":{"start":{"line":88,"column":22},"end":{"line":95,"column":7}},"locations":[{"start":{"line":88,"column":22},"end":{"line":95,"column":7}}]},"93":{"type":"branch","line":96,"loc":{"start":{"line":96,"column":-2},"end":{"line":98,"column":69}},"locations":[{"start":{"line":96,"column":-2},"end":{"line":98,"column":69}}]},"94":{"type":"branch","line":100,"loc":{"start":{"line":100,"column":1},"end":{"line":100,"column":2}},"locations":[{"start":{"line":100,"column":1},"end":{"line":100,"column":2}}]},"95":{"type":"branch","line":102,"loc":{"start":{"line":102,"column":19},"end":{"line":133,"column":2}},"locations":[{"start":{"line":102,"column":19},"end":{"line":133,"column":2}}]},"96":{"type":"branch","line":102,"loc":{"start":{"line":102,"column":22},"end":{"line":131,"column":69}},"locations":[{"start":{"line":102,"column":22},"end":{"line":131,"column":69}}]},"97":{"type":"branch","line":102,"loc":{"start":{"line":102,"column":43},"end":{"line":131,"column":69}},"locations":[{"start":{"line":102,"column":43},"end":{"line":131,"column":69}}]},"98":{"type":"branch","line":102,"loc":{"start":{"line":102,"column":43},"end":{"line":131,"column":69}},"locations":[{"start":{"line":102,"column":43},"end":{"line":131,"column":69}}]},"99":{"type":"branch","line":102,"loc":{"start":{"line":102,"column":43},"end":{"line":109,"column":32}},"locations":[{"start":{"line":102,"column":43},"end":{"line":109,"column":32}}]},"100":{"type":"branch","line":108,"loc":{"start":{"line":108,"column":11},"end":{"line":108,"column":14}},"locations":[{"start":{"line":108,"column":11},"end":{"line":108,"column":14}}]},"101":{"type":"branch","line":108,"loc":{"start":{"line":108,"column":11},"end":{"line":109,"column":32}},"locations":[{"start":{"line":108,"column":11},"end":{"line":109,"column":32}}]},"102":{"type":"branch","line":109,"loc":{"start":{"line":109,"column":31},"end":{"line":113,"column":46}},"locations":[{"start":{"line":109,"column":31},"end":{"line":113,"column":46}}]},"103":{"type":"branch","line":112,"loc":{"start":{"line":112,"column":13},"end":{"line":112,"column":21}},"locations":[{"start":{"line":112,"column":13},"end":{"line":112,"column":21}}]},"104":{"type":"branch","line":112,"loc":{"start":{"line":112,"column":21},"end":{"line":112,"column":29}},"locations":[{"start":{"line":112,"column":21},"end":{"line":112,"column":29}}]},"105":{"type":"branch","line":112,"loc":{"start":{"line":112,"column":29},"end":{"line":112,"column":45}},"locations":[{"start":{"line":112,"column":29},"end":{"line":112,"column":45}}]},"106":{"type":"branch","line":112,"loc":{"start":{"line":112,"column":45},"end":{"line":112,"column":61}},"locations":[{"start":{"line":112,"column":45},"end":{"line":112,"column":61}}]},"107":{"type":"branch","line":112,"loc":{"start":{"line":112,"column":61},"end":{"line":113,"column":46}},"locations":[{"start":{"line":112,"column":61},"end":{"line":113,"column":46}}]},"108":{"type":"branch","line":113,"loc":{"start":{"line":113,"column":45},"end":{"line":116,"column":50}},"locations":[{"start":{"line":113,"column":45},"end":{"line":116,"column":50}}]},"109":{"type":"branch","line":116,"loc":{"start":{"line":116,"column":49},"end":{"line":121,"column":6}},"locations":[{"start":{"line":116,"column":49},"end":{"line":121,"column":6}}]},"110":{"type":"branch","line":121,"loc":{"start":{"line":121,"column":5},"end":{"line":128,"column":7}},"locations":[{"start":{"line":121,"column":5},"end":{"line":128,"column":7}}]},"111":{"type":"branch","line":129,"loc":{"start":{"line":129,"column":-2},"end":{"line":131,"column":69}},"locations":[{"start":{"line":129,"column":-2},"end":{"line":131,"column":69}}]},"112":{"type":"branch","line":133,"loc":{"start":{"line":133,"column":1},"end":{"line":133,"column":2}},"locations":[{"start":{"line":133,"column":1},"end":{"line":133,"column":2}}]},"113":{"type":"branch","line":135,"loc":{"start":{"line":135,"column":19},"end":{"line":158,"column":2}},"locations":[{"start":{"line":135,"column":19},"end":{"line":158,"column":2}}]},"114":{"type":"branch","line":135,"loc":{"start":{"line":135,"column":22},"end":{"line":156,"column":69}},"locations":[{"start":{"line":135,"column":22},"end":{"line":156,"column":69}}]},"115":{"type":"branch","line":135,"loc":{"start":{"line":135,"column":43},"end":{"line":156,"column":69}},"locations":[{"start":{"line":135,"column":43},"end":{"line":156,"column":69}}]},"116":{"type":"branch","line":135,"loc":{"start":{"line":135,"column":43},"end":{"line":156,"column":69}},"locations":[{"start":{"line":135,"column":43},"end":{"line":156,"column":69}}]},"117":{"type":"branch","line":135,"loc":{"start":{"line":135,"column":43},"end":{"line":140,"column":38}},"locations":[{"start":{"line":135,"column":43},"end":{"line":140,"column":38}}]},"118":{"type":"branch","line":139,"loc":{"start":{"line":139,"column":11},"end":{"line":140,"column":38}},"locations":[{"start":{"line":139,"column":11},"end":{"line":140,"column":38}}]},"119":{"type":"branch","line":140,"loc":{"start":{"line":140,"column":37},"end":{"line":142,"column":50}},"locations":[{"start":{"line":140,"column":37},"end":{"line":142,"column":50}}]},"120":{"type":"branch","line":142,"loc":{"start":{"line":142,"column":49},"end":{"line":147,"column":6}},"locations":[{"start":{"line":142,"column":49},"end":{"line":147,"column":6}}]},"121":{"type":"branch","line":147,"loc":{"start":{"line":147,"column":5},"end":{"line":153,"column":7}},"locations":[{"start":{"line":147,"column":5},"end":{"line":153,"column":7}}]},"122":{"type":"branch","line":154,"loc":{"start":{"line":154,"column":-2},"end":{"line":156,"column":69}},"locations":[{"start":{"line":154,"column":-2},"end":{"line":156,"column":69}}]},"123":{"type":"branch","line":158,"loc":{"start":{"line":158,"column":1},"end":{"line":158,"column":2}},"locations":[{"start":{"line":158,"column":1},"end":{"line":158,"column":2}}]}},"b":{"0":[1],"1":[0],"2":[0],"3":[0],"4":[0],"5":[0],"6":[0],"7":[17],"8":[13],"9":[14],"10":[0],"11":[0],"12":[30],"13":[4],"14":[2],"15":[6],"16":[26],"17":[14],"18":[26],"19":[0],"20":[0],"21":[30],"22":[0],"23":[26],"24":[4],"25":[0],"26":[0],"27":[26],"28":[14],"29":[12],"30":[0],"31":[4],"32":[14],"33":[0],"34":[32],"35":[28],"36":[14],"37":[1],"38":[0],"39":[0],"40":[0],"41":[4],"42":[0],"43":[14],"44":[0],"45":[14],"46":[0],"47":[4],"48":[0],"49":[0],"50":[0],"51":[0],"52":[4],"53":[4],"54":[0],"55":[26],"56":[0],"57":[14],"58":[12],"59":[4],"60":[14],"61":[14],"62":[26],"63":[1],"64":[6],"65":[12],"66":[24],"67":[6],"68":[0],"69":[0],"70":[0],"71":[0],"72":[0],"73":[0],"74":[0],"75":[6],"76":[6],"77":[6],"78":[0],"79":[6],"80":[1],"81":[3],"82":[6],"83":[10],"84":[3],"85":[2],"86":[2],"87":[2],"88":[2],"89":[2],"90":[1],"91":[2],"92":[2],"93":[1],"94":[3],"95":[1],"96":[3],"97":[7],"98":[11],"99":[3],"100":[2],"101":[1],"102":[2],"103":[1],"104":[1],"105":[1],"106":[1],"107":[1],"108":[1],"109":[1],"110":[1],"111":[2],"112":[3],"113":[1],"114":[2],"115":[5],"116":[7],"117":[2],"118":[1],"119":[1],"120":[1],"121":[1],"122":[1],"123":[2]},"fnMap":{"0":{"name":"_regeneratorRuntime","decl":{"start":{"line":2,"column":0},"end":{"line":2,"column":6}},"loc":{"start":{"line":2,"column":0},"end":{"line":2,"column":6}},"line":2},"1":{"name":"_regeneratorRuntime","decl":{"start":{"line":2,"column":0},"end":{"line":2,"column":6}},"loc":{"start":{"line":2,"column":0},"end":{"line":2,"column":6}},"line":2},"2":{"name":"o","decl":{"start":{"line":2,"column":0},"end":{"line":2,"column":6}},"loc":{"start":{"line":2,"column":0},"end":{"line":2,"column":6}},"line":2},"3":{"name":"define","decl":{"start":{"line":2,"column":0},"end":{"line":2,"column":6}},"loc":{"start":{"line":2,"column":0},"end":{"line":2,"column":6}},"line":2},"4":{"name":"define","decl":{"start":{"line":2,"column":0},"end":{"line":2,"column":6}},"loc":{"start":{"line":2,"column":0},"end":{"line":2,"column":6}},"line":2},"5":{"name":"wrap","decl":{"start":{"line":2,"column":0},"end":{"line":2,"column":6}},"loc":{"start":{"line":2,"column":0},"end":{"line":2,"column":6}},"line":2},"6":{"name":"tryCatch","decl":{"start":{"line":2,"column":0},"end":{"line":2,"column":6}},"loc":{"start":{"line":2,"column":0},"end":{"line":2,"column":6}},"line":2},"7":{"name":"Generator","decl":{"start":{"line":2,"column":0},"end":{"line":2,"column":6}},"loc":{"start":{"line":2,"column":0},"end":{"line":2,"column":6}},"line":2},"8":{"name":"GeneratorFunction","decl":{"start":{"line":2,"column":0},"end":{"line":2,"column":6}},"loc":{"start":{"line":2,"column":0},"end":{"line":2,"column":6}},"line":2},"9":{"name":"GeneratorFunctionPrototype","decl":{"start":{"line":2,"column":0},"end":{"line":2,"column":6}},"loc":{"start":{"line":2,"column":0},"end":{"line":2,"column":6}},"line":2},"10":{"name":"defineIteratorMethods","decl":{"start":{"line":2,"column":0},"end":{"line":2,"column":6}},"loc":{"start":{"line":2,"column":0},"end":{"line":2,"column":6}},"line":2},"11":{"name":"AsyncIterator","decl":{"start":{"line":2,"column":0},"end":{"line":2,"column":6}},"loc":{"start":{"line":2,"column":0},"end":{"line":2,"column":6}},"line":2},"12":{"name":"makeInvokeMethod","decl":{"start":{"line":2,"column":0},"end":{"line":2,"column":6}},"loc":{"start":{"line":2,"column":0},"end":{"line":2,"column":6}},"line":2},"13":{"name":"maybeInvokeDelegate","decl":{"start":{"line":2,"column":0},"end":{"line":2,"column":6}},"loc":{"start":{"line":2,"column":0},"end":{"line":2,"column":6}},"line":2},"14":{"name":"pushTryEntry","decl":{"start":{"line":2,"column":0},"end":{"line":2,"column":6}},"loc":{"start":{"line":2,"column":0},"end":{"line":2,"column":6}},"line":2},"15":{"name":"resetTryEntry","decl":{"start":{"line":2,"column":0},"end":{"line":2,"column":6}},"loc":{"start":{"line":2,"column":0},"end":{"line":2,"column":6}},"line":2},"16":{"name":"Context","decl":{"start":{"line":2,"column":0},"end":{"line":2,"column":6}},"loc":{"start":{"line":2,"column":0},"end":{"line":2,"column":6}},"line":2},"17":{"name":"values","decl":{"start":{"line":2,"column":0},"end":{"line":2,"column":6}},"loc":{"start":{"line":2,"column":0},"end":{"line":2,"column":6}},"line":2},"18":{"name":"next","decl":{"start":{"line":2,"column":0},"end":{"line":2,"column":6}},"loc":{"start":{"line":2,"column":0},"end":{"line":2,"column":6}},"line":2},"19":{"name":"e.isGeneratorFunction","decl":{"start":{"line":2,"column":0},"end":{"line":2,"column":6}},"loc":{"start":{"line":2,"column":0},"end":{"line":2,"column":6}},"line":2},"20":{"name":"e.mark","decl":{"start":{"line":2,"column":0},"end":{"line":2,"column":6}},"loc":{"start":{"line":2,"column":0},"end":{"line":2,"column":6}},"line":2},"21":{"name":"e.awrap","decl":{"start":{"line":2,"column":0},"end":{"line":2,"column":6}},"loc":{"start":{"line":2,"column":0},"end":{"line":2,"column":6}},"line":2},"22":{"name":"e.async","decl":{"start":{"line":2,"column":0},"end":{"line":2,"column":6}},"loc":{"start":{"line":2,"column":0},"end":{"line":2,"column":6}},"line":2},"23":{"name":"e.keys","decl":{"start":{"line":2,"column":0},"end":{"line":2,"column":6}},"loc":{"start":{"line":2,"column":0},"end":{"line":2,"column":6}},"line":2},"24":{"name":"reset","decl":{"start":{"line":2,"column":0},"end":{"line":2,"column":6}},"loc":{"start":{"line":2,"column":0},"end":{"line":2,"column":6}},"line":2},"25":{"name":"stop","decl":{"start":{"line":2,"column":0},"end":{"line":2,"column":6}},"loc":{"start":{"line":2,"column":0},"end":{"line":2,"column":6}},"line":2},"26":{"name":"dispatchException","decl":{"start":{"line":2,"column":0},"end":{"line":2,"column":6}},"loc":{"start":{"line":2,"column":0},"end":{"line":2,"column":6}},"line":2},"27":{"name":"handle","decl":{"start":{"line":2,"column":0},"end":{"line":2,"column":6}},"loc":{"start":{"line":2,"column":0},"end":{"line":2,"column":6}},"line":2},"28":{"name":"abrupt","decl":{"start":{"line":2,"column":0},"end":{"line":2,"column":6}},"loc":{"start":{"line":2,"column":0},"end":{"line":2,"column":6}},"line":2},"29":{"name":"complete","decl":{"start":{"line":2,"column":0},"end":{"line":2,"column":6}},"loc":{"start":{"line":2,"column":0},"end":{"line":2,"column":6}},"line":2},"30":{"name":"finish","decl":{"start":{"line":2,"column":0},"end":{"line":2,"column":6}},"loc":{"start":{"line":2,"column":0},"end":{"line":2,"column":6}},"line":2},"31":{"name":"_catch","decl":{"start":{"line":2,"column":0},"end":{"line":2,"column":6}},"loc":{"start":{"line":2,"column":0},"end":{"line":2,"column":6}},"line":2},"32":{"name":"delegateYield","decl":{"start":{"line":2,"column":0},"end":{"line":2,"column":6}},"loc":{"start":{"line":2,"column":0},"end":{"line":2,"column":6}},"line":2},"33":{"name":"asyncGeneratorStep","decl":{"start":{"line":2,"column":0},"end":{"line":2,"column":6}},"loc":{"start":{"line":2,"column":0},"end":{"line":2,"column":6}},"line":2},"34":{"name":"_asyncToGenerator","decl":{"start":{"line":2,"column":0},"end":{"line":2,"column":6}},"loc":{"start":{"line":2,"column":0},"end":{"line":2,"column":6}},"line":2},"35":{"name":"_next","decl":{"start":{"line":2,"column":0},"end":{"line":2,"column":6}},"loc":{"start":{"line":2,"column":0},"end":{"line":2,"column":6}},"line":2},"36":{"name":"_throw","decl":{"start":{"line":2,"column":0},"end":{"line":2,"column":6}},"loc":{"start":{"line":2,"column":0},"end":{"line":2,"column":6}},"line":2},"37":{"name":"_callee","decl":{"start":{"line":5,"column":22},"end":{"line":39,"column":69}},"loc":{"start":{"line":5,"column":22},"end":{"line":39,"column":69}},"line":5},"38":{"name":"_callee$","decl":{"start":{"line":5,"column":43},"end":{"line":39,"column":69}},"loc":{"start":{"line":5,"column":43},"end":{"line":39,"column":69}},"line":5},"39":{"name":"_callee2","decl":{"start":{"line":68,"column":22},"end":{"line":98,"column":69}},"loc":{"start":{"line":68,"column":22},"end":{"line":98,"column":69}},"line":68},"40":{"name":"_callee2$","decl":{"start":{"line":68,"column":43},"end":{"line":98,"column":69}},"loc":{"start":{"line":68,"column":43},"end":{"line":98,"column":69}},"line":68},"41":{"name":"_callee3","decl":{"start":{"line":102,"column":22},"end":{"line":131,"column":69}},"loc":{"start":{"line":102,"column":22},"end":{"line":131,"column":69}},"line":102},"42":{"name":"_callee3$","decl":{"start":{"line":102,"column":43},"end":{"line":131,"column":69}},"loc":{"start":{"line":102,"column":43},"end":{"line":131,"column":69}},"line":102},"43":{"name":"_callee4","decl":{"start":{"line":135,"column":22},"end":{"line":156,"column":69}},"loc":{"start":{"line":135,"column":22},"end":{"line":156,"column":69}},"line":135},"44":{"name":"_callee4$","decl":{"start":{"line":135,"column":43},"end":{"line":156,"column":69}},"loc":{"start":{"line":135,"column":43},"end":{"line":156,"column":69}},"line":135}},"f":{"0":1,"1":17,"2":0,"3":13,"4":0,"5":14,"6":30,"7":0,"8":0,"9":0,"10":2,"11":0,"12":14,"13":0,"14":14,"15":32,"16":14,"17":1,"18":0,"19":0,"20":4,"21":0,"22":0,"23":0,"24":14,"25":14,"26":4,"27":4,"28":0,"29":0,"30":0,"31":4,"32":0,"33":26,"34":4,"35":26,"36":0,"37":6,"38":12,"39":3,"40":6,"41":3,"42":7,"43":2,"44":5}}
,"C:\\Users\\karan\\OneDrive\\Documents\\API_TASK\\API_Building\\controllers\\districtController.js": {"path":"C:\\Users\\karan\\OneDrive\\Documents\\API_TASK\\API_Building\\controllers\\districtController.js","all":false,"statementMap":{"0":{"start":{"line":1,"column":0},"end":{"line":1,"column":52}},"1":{"start":{"line":2,"column":0},"end":{"line":2,"column":33}},"2":{"start":{"line":3,"column":0},"end":{"line":3,"column":0}},"3":{"start":{"line":4,"column":0},"end":{"line":4,"column":50}},"4":{"start":{"line":5,"column":0},"end":{"line":5,"column":7}},"5":{"start":{"line":6,"column":0},"end":{"line":6,"column":35}},"6":{"start":{"line":7,"column":0},"end":{"line":7,"column":0}},"7":{"start":{"line":8,"column":0},"end":{"line":8,"column":20}},"8":{"start":{"line":9,"column":0},"end":{"line":9,"column":38}},"9":{"start":{"line":10,"column":0},"end":{"line":10,"column":5}},"10":{"start":{"line":11,"column":0},"end":{"line":11,"column":0}},"11":{"start":{"line":12,"column":0},"end":{"line":12,"column":42}},"12":{"start":{"line":13,"column":0},"end":{"line":13,"column":25}},"13":{"start":{"line":14,"column":0},"end":{"line":14,"column":21}},"14":{"start":{"line":15,"column":0},"end":{"line":15,"column":7}},"15":{"start":{"line":16,"column":0},"end":{"line":16,"column":35}},"16":{"start":{"line":17,"column":0},"end":{"line":17,"column":41}},"17":{"start":{"line":18,"column":0},"end":{"line":18,"column":8}},"18":{"start":{"line":19,"column":0},"end":{"line":19,"column":0}},"19":{"start":{"line":20,"column":0},"end":{"line":20,"column":26}},"20":{"start":{"line":21,"column":0},"end":{"line":21,"column":20}},"21":{"start":{"line":22,"column":0},"end":{"line":22,"column":33}},"22":{"start":{"line":23,"column":0},"end":{"line":23,"column":33}},"23":{"start":{"line":24,"column":0},"end":{"line":24,"column":21}},"24":{"start":{"line":25,"column":0},"end":{"line":25,"column":7}},"25":{"start":{"line":26,"column":0},"end":{"line":26,"column":19}},"26":{"start":{"line":27,"column":0},"end":{"line":27,"column":26}},"27":{"start":{"line":28,"column":0},"end":{"line":28,"column":69}},"28":{"start":{"line":29,"column":0},"end":{"line":29,"column":3}},"29":{"start":{"line":30,"column":0},"end":{"line":30,"column":2}},"30":{"start":{"line":31,"column":0},"end":{"line":31,"column":0}},"31":{"start":{"line":32,"column":0},"end":{"line":32,"column":52}},"32":{"start":{"line":33,"column":0},"end":{"line":33,"column":7}},"33":{"start":{"line":34,"column":0},"end":{"line":34,"column":48}},"34":{"start":{"line":35,"column":0},"end":{"line":35,"column":0}},"35":{"start":{"line":36,"column":0},"end":{"line":36,"column":37}},"36":{"start":{"line":37,"column":0},"end":{"line":37,"column":55}},"37":{"start":{"line":38,"column":0},"end":{"line":38,"column":5}},"38":{"start":{"line":39,"column":0},"end":{"line":39,"column":0}},"39":{"start":{"line":40,"column":0},"end":{"line":40,"column":35}},"40":{"start":{"line":41,"column":0},"end":{"line":41,"column":15}},"41":{"start":{"line":42,"column":0},"end":{"line":42,"column":19}},"42":{"start":{"line":43,"column":0},"end":{"line":43,"column":21}},"43":{"start":{"line":44,"column":0},"end":{"line":44,"column":7}},"44":{"start":{"line":45,"column":0},"end":{"line":45,"column":0}},"45":{"start":{"line":46,"column":0},"end":{"line":46,"column":26}},"46":{"start":{"line":47,"column":0},"end":{"line":47,"column":0}},"47":{"start":{"line":48,"column":0},"end":{"line":48,"column":26}},"48":{"start":{"line":49,"column":0},"end":{"line":49,"column":20}},"49":{"start":{"line":50,"column":0},"end":{"line":50,"column":33}},"50":{"start":{"line":51,"column":0},"end":{"line":51,"column":47}},"51":{"start":{"line":52,"column":0},"end":{"line":52,"column":21}},"52":{"start":{"line":53,"column":0},"end":{"line":53,"column":7}},"53":{"start":{"line":54,"column":0},"end":{"line":54,"column":19}},"54":{"start":{"line":55,"column":0},"end":{"line":55,"column":26}},"55":{"start":{"line":56,"column":0},"end":{"line":56,"column":69}},"56":{"start":{"line":57,"column":0},"end":{"line":57,"column":3}},"57":{"start":{"line":58,"column":0},"end":{"line":58,"column":2}},"58":{"start":{"line":59,"column":0},"end":{"line":59,"column":0}},"59":{"start":{"line":60,"column":0},"end":{"line":60,"column":52}},"60":{"start":{"line":61,"column":0},"end":{"line":61,"column":7}},"61":{"start":{"line":62,"column":0},"end":{"line":62,"column":29}},"62":{"start":{"line":63,"column":0},"end":{"line":63,"column":38}},"63":{"start":{"line":64,"column":0},"end":{"line":64,"column":0}},"64":{"start":{"line":65,"column":0},"end":{"line":65,"column":31}},"65":{"start":{"line":66,"column":0},"end":{"line":66,"column":51}},"66":{"start":{"line":67,"column":0},"end":{"line":67,"column":5}},"67":{"start":{"line":68,"column":0},"end":{"line":68,"column":56}},"68":{"start":{"line":69,"column":0},"end":{"line":69,"column":0}},"69":{"start":{"line":70,"column":0},"end":{"line":70,"column":53}},"70":{"start":{"line":71,"column":0},"end":{"line":71,"column":28}},"71":{"start":{"line":72,"column":0},"end":{"line":72,"column":36}},"72":{"start":{"line":73,"column":0},"end":{"line":73,"column":6}},"73":{"start":{"line":74,"column":0},"end":{"line":74,"column":0}},"74":{"start":{"line":75,"column":0},"end":{"line":75,"column":26}},"75":{"start":{"line":76,"column":0},"end":{"line":76,"column":20}},"76":{"start":{"line":77,"column":0},"end":{"line":77,"column":47}},"77":{"start":{"line":78,"column":0},"end":{"line":78,"column":28}},"78":{"start":{"line":79,"column":0},"end":{"line":79,"column":33}},"79":{"start":{"line":80,"column":0},"end":{"line":80,"column":7}},"80":{"start":{"line":81,"column":0},"end":{"line":81,"column":19}},"81":{"start":{"line":82,"column":0},"end":{"line":82,"column":26}},"82":{"start":{"line":83,"column":0},"end":{"line":83,"column":69}},"83":{"start":{"line":84,"column":0},"end":{"line":84,"column":3}},"84":{"start":{"line":85,"column":0},"end":{"line":85,"column":2}},"85":{"start":{"line":86,"column":0},"end":{"line":86,"column":52}},"86":{"start":{"line":87,"column":0},"end":{"line":87,"column":7}},"87":{"start":{"line":88,"column":0},"end":{"line":88,"column":29}},"88":{"start":{"line":89,"column":0},"end":{"line":89,"column":0}},"89":{"start":{"line":90,"column":0},"end":{"line":90,"column":14}},"90":{"start":{"line":91,"column":0},"end":{"line":91,"column":32}},"91":{"start":{"line":92,"column":0},"end":{"line":92,"column":5}},"92":{"start":{"line":93,"column":0},"end":{"line":93,"column":56}},"93":{"start":{"line":94,"column":0},"end":{"line":94,"column":0}},"94":{"start":{"line":95,"column":0},"end":{"line":95,"column":53}},"95":{"start":{"line":96,"column":0},"end":{"line":96,"column":28}},"96":{"start":{"line":97,"column":0},"end":{"line":97,"column":25}},"97":{"start":{"line":98,"column":0},"end":{"line":98,"column":6}},"98":{"start":{"line":99,"column":0},"end":{"line":99,"column":26}},"99":{"start":{"line":100,"column":0},"end":{"line":100,"column":20}},"100":{"start":{"line":101,"column":0},"end":{"line":101,"column":47}},"101":{"start":{"line":102,"column":0},"end":{"line":102,"column":28}},"102":{"start":{"line":103,"column":0},"end":{"line":103,"column":33}},"103":{"start":{"line":104,"column":0},"end":{"line":104,"column":7}},"104":{"start":{"line":105,"column":0},"end":{"line":105,"column":19}},"105":{"start":{"line":106,"column":0},"end":{"line":106,"column":26}},"106":{"start":{"line":107,"column":0},"end":{"line":107,"column":69}},"107":{"start":{"line":108,"column":0},"end":{"line":108,"column":3}},"108":{"start":{"line":109,"column":0},"end":{"line":109,"column":2}}},"s":{"0":1,"1":1,"2":1,"3":1,"4":0,"5":0,"6":0,"7":0,"8":0,"9":0,"10":0,"11":0,"12":0,"13":0,"14":0,"15":0,"16":0,"17":0,"18":0,"19":0,"20":0,"21":0,"22":0,"23":0,"24":0,"25":0,"26":0,"27":0,"28":1,"29":1,"30":1,"31":1,"32":0,"33":0,"34":0,"35":0,"36":0,"37":0,"38":0,"39":0,"40":0,"41":0,"42":0,"43":0,"44":0,"45":0,"46":0,"47":0,"48":0,"49":0,"50":0,"51":0,"52":0,"53":0,"54":0,"55":0,"56":1,"57":1,"58":1,"59":1,"60":0,"61":0,"62":0,"63":0,"64":0,"65":0,"66":0,"67":0,"68":0,"69":0,"70":0,"71":0,"72":0,"73":0,"74":0,"75":0,"76":0,"77":0,"78":0,"79":0,"80":0,"81":0,"82":0,"83":1,"84":1,"85":1,"86":0,"87":0,"88":0,"89":0,"90":0,"91":0,"92":0,"93":0,"94":0,"95":0,"96":0,"97":0,"98":0,"99":0,"100":0,"101":0,"102":0,"103":0,"104":0,"105":0,"106":0,"107":1,"108":1},"branchMap":{"0":{"type":"branch","line":2,"loc":{"start":{"line":2,"column":0},"end":{"line":2,"column":6}},"locations":[{"start":{"line":2,"column":0},"end":{"line":2,"column":6}}]},"1":{"type":"branch","line":2,"loc":{"start":{"line":2,"column":0},"end":{"line":2,"column":6}},"locations":[{"start":{"line":2,"column":0},"end":{"line":2,"column":6}}]},"2":{"type":"branch","line":2,"loc":{"start":{"line":2,"column":0},"end":{"line":2,"column":6}},"locations":[{"start":{"line":2,"column":0},"end":{"line":2,"column":6}}]},"3":{"type":"branch","line":2,"loc":{"start":{"line":2,"column":0},"end":{"line":2,"column":6}},"locations":[{"start":{"line":2,"column":0},"end":{"line":2,"column":6}}]},"4":{"type":"branch","line":2,"loc":{"start":{"line":2,"column":0},"end":{"line":2,"column":6}},"locations":[{"start":{"line":2,"column":0},"end":{"line":2,"column":6}}]},"5":{"type":"branch","line":2,"loc":{"start":{"line":2,"column":0},"end":{"line":2,"column":6}},"locations":[{"start":{"line":2,"column":0},"end":{"line":2,"column":6}}]},"6":{"type":"branch","line":2,"loc":{"start":{"line":2,"column":0},"end":{"line":2,"column":6}},"locations":[{"start":{"line":2,"column":0},"end":{"line":2,"column":6}}]},"7":{"type":"branch","line":2,"loc":{"start":{"line":2,"column":0},"end":{"line":2,"column":6}},"locations":[{"start":{"line":2,"column":0},"end":{"line":2,"column":6}}]},"8":{"type":"branch","line":2,"loc":{"start":{"line":2,"column":0},"end":{"line":2,"column":6}},"locations":[{"start":{"line":2,"column":0},"end":{"line":2,"column":6}}]},"9":{"type":"branch","line":2,"loc":{"start":{"line":2,"column":0},"end":{"line":2,"column":6}},"locations":[{"start":{"line":2,"column":0},"end":{"line":2,"column":6}}]},"10":{"type":"branch","line":2,"loc":{"start":{"line":2,"column":0},"end":{"line":2,"column":6}},"locations":[{"start":{"line":2,"column":0},"end":{"line":2,"column":6}}]},"11":{"type":"branch","line":2,"loc":{"start":{"line":2,"column":0},"end":{"line":2,"column":6}},"locations":[{"start":{"line":2,"column":0},"end":{"line":2,"column":6}}]},"12":{"type":"branch","line":2,"loc":{"start":{"line":2,"column":0},"end":{"line":2,"column":6}},"locations":[{"start":{"line":2,"column":0},"end":{"line":2,"column":6}}]},"13":{"type":"branch","line":2,"loc":{"start":{"line":2,"column":0},"end":{"line":2,"column":6}},"locations":[{"start":{"line":2,"column":0},"end":{"line":2,"column":6}}]},"14":{"type":"branch","line":2,"loc":{"start":{"line":2,"column":0},"end":{"line":2,"column":6}},"locations":[{"start":{"line":2,"column":0},"end":{"line":2,"column":6}}]},"15":{"type":"branch","line":2,"loc":{"start":{"line":2,"column":0},"end":{"line":2,"column":6}},"locations":[{"start":{"line":2,"column":0},"end":{"line":2,"column":6}}]},"16":{"type":"branch","line":2,"loc":{"start":{"line":2,"column":0},"end":{"line":2,"column":6}},"locations":[{"start":{"line":2,"column":0},"end":{"line":2,"column":6}}]},"17":{"type":"branch","line":2,"loc":{"start":{"line":2,"column":0},"end":{"line":2,"column":6}},"locations":[{"start":{"line":2,"column":0},"end":{"line":2,"column":6}}]},"18":{"type":"branch","line":4,"loc":{"start":{"line":4,"column":20},"end":{"line":30,"column":2}},"locations":[{"start":{"line":4,"column":20},"end":{"line":30,"column":2}}]},"19":{"type":"branch","line":32,"loc":{"start":{"line":32,"column":22},"end":{"line":58,"column":2}},"locations":[{"start":{"line":32,"column":22},"end":{"line":58,"column":2}}]},"20":{"type":"branch","line":60,"loc":{"start":{"line":60,"column":22},"end":{"line":85,"column":2}},"locations":[{"start":{"line":60,"column":22},"end":{"line":85,"column":2}}]},"21":{"type":"branch","line":86,"loc":{"start":{"line":86,"column":22},"end":{"line":109,"column":2}},"locations":[{"start":{"line":86,"column":22},"end":{"line":109,"column":2}}]}},"b":{"0":[1],"1":[0],"2":[0],"3":[0],"4":[0],"5":[0],"6":[0],"7":[3],"8":[13],"9":[2],"10":[6],"11":[1],"12":[0],"13":[0],"14":[0],"15":[4],"16":[0],"17":[4],"18":[1],"19":[1],"20":[1],"21":[1]},"fnMap":{"0":{"name":"_regeneratorRuntime","decl":{"start":{"line":2,"column":0},"end":{"line":2,"column":6}},"loc":{"start":{"line":2,"column":0},"end":{"line":2,"column":6}},"line":2},"1":{"name":"_regeneratorRuntime","decl":{"start":{"line":2,"column":0},"end":{"line":2,"column":6}},"loc":{"start":{"line":2,"column":0},"end":{"line":2,"column":6}},"line":2},"2":{"name":"o","decl":{"start":{"line":2,"column":0},"end":{"line":2,"column":6}},"loc":{"start":{"line":2,"column":0},"end":{"line":2,"column":6}},"line":2},"3":{"name":"define","decl":{"start":{"line":2,"column":0},"end":{"line":2,"column":6}},"loc":{"start":{"line":2,"column":0},"end":{"line":2,"column":6}},"line":2},"4":{"name":"define","decl":{"start":{"line":2,"column":0},"end":{"line":2,"column":6}},"loc":{"start":{"line":2,"column":0},"end":{"line":2,"column":6}},"line":2},"5":{"name":"wrap","decl":{"start":{"line":2,"column":0},"end":{"line":2,"column":6}},"loc":{"start":{"line":2,"column":0},"end":{"line":2,"column":6}},"line":2},"6":{"name":"tryCatch","decl":{"start":{"line":2,"column":0},"end":{"line":2,"column":6}},"loc":{"start":{"line":2,"column":0},"end":{"line":2,"column":6}},"line":2},"7":{"name":"Generator","decl":{"start":{"line":2,"column":0},"end":{"line":2,"column":6}},"loc":{"start":{"line":2,"column":0},"end":{"line":2,"column":6}},"line":2},"8":{"name":"GeneratorFunction","decl":{"start":{"line":2,"column":0},"end":{"line":2,"column":6}},"loc":{"start":{"line":2,"column":0},"end":{"line":2,"column":6}},"line":2},"9":{"name":"GeneratorFunctionPrototype","decl":{"start":{"line":2,"column":0},"end":{"line":2,"column":6}},"loc":{"start":{"line":2,"column":0},"end":{"line":2,"column":6}},"line":2},"10":{"name":"defineIteratorMethods","decl":{"start":{"line":2,"column":0},"end":{"line":2,"column":6}},"loc":{"start":{"line":2,"column":0},"end":{"line":2,"column":6}},"line":2},"11":{"name":"AsyncIterator","decl":{"start":{"line":2,"column":0},"end":{"line":2,"column":6}},"loc":{"start":{"line":2,"column":0},"end":{"line":2,"column":6}},"line":2},"12":{"name":"makeInvokeMethod","decl":{"start":{"line":2,"column":0},"end":{"line":2,"column":6}},"loc":{"start":{"line":2,"column":0},"end":{"line":2,"column":6}},"line":2},"13":{"name":"maybeInvokeDelegate","decl":{"start":{"line":2,"column":0},"end":{"line":2,"column":6}},"loc":{"start":{"line":2,"column":0},"end":{"line":2,"column":6}},"line":2},"14":{"name":"pushTryEntry","decl":{"start":{"line":2,"column":0},"end":{"line":2,"column":6}},"loc":{"start":{"line":2,"column":0},"end":{"line":2,"column":6}},"line":2},"15":{"name":"resetTryEntry","decl":{"start":{"line":2,"column":0},"end":{"line":2,"column":6}},"loc":{"start":{"line":2,"column":0},"end":{"line":2,"column":6}},"line":2},"16":{"name":"Context","decl":{"start":{"line":2,"column":0},"end":{"line":2,"column":6}},"loc":{"start":{"line":2,"column":0},"end":{"line":2,"column":6}},"line":2},"17":{"name":"values","decl":{"start":{"line":2,"column":0},"end":{"line":2,"column":6}},"loc":{"start":{"line":2,"column":0},"end":{"line":2,"column":6}},"line":2},"18":{"name":"next","decl":{"start":{"line":2,"column":0},"end":{"line":2,"column":6}},"loc":{"start":{"line":2,"column":0},"end":{"line":2,"column":6}},"line":2},"19":{"name":"e.isGeneratorFunction","decl":{"start":{"line":2,"column":0},"end":{"line":2,"column":6}},"loc":{"start":{"line":2,"column":0},"end":{"line":2,"column":6}},"line":2},"20":{"name":"e.mark","decl":{"start":{"line":2,"column":0},"end":{"line":2,"column":6}},"loc":{"start":{"line":2,"column":0},"end":{"line":2,"column":6}},"line":2},"21":{"name":"e.awrap","decl":{"start":{"line":2,"column":0},"end":{"line":2,"column":6}},"loc":{"start":{"line":2,"column":0},"end":{"line":2,"column":6}},"line":2},"22":{"name":"e.async","decl":{"start":{"line":2,"column":0},"end":{"line":2,"column":6}},"loc":{"start":{"line":2,"column":0},"end":{"line":2,"column":6}},"line":2},"23":{"name":"e.keys","decl":{"start":{"line":2,"column":0},"end":{"line":2,"column":6}},"loc":{"start":{"line":2,"column":0},"end":{"line":2,"column":6}},"line":2},"24":{"name":"reset","decl":{"start":{"line":2,"column":0},"end":{"line":2,"column":6}},"loc":{"start":{"line":2,"column":0},"end":{"line":2,"column":6}},"line":2},"25":{"name":"stop","decl":{"start":{"line":2,"column":0},"end":{"line":2,"column":6}},"loc":{"start":{"line":2,"column":0},"end":{"line":2,"column":6}},"line":2},"26":{"name":"dispatchException","decl":{"start":{"line":2,"column":0},"end":{"line":2,"column":6}},"loc":{"start":{"line":2,"column":0},"end":{"line":2,"column":6}},"line":2},"27":{"name":"abrupt","decl":{"start":{"line":2,"column":0},"end":{"line":2,"column":6}},"loc":{"start":{"line":2,"column":0},"end":{"line":2,"column":6}},"line":2},"28":{"name":"complete","decl":{"start":{"line":2,"column":0},"end":{"line":2,"column":6}},"loc":{"start":{"line":2,"column":0},"end":{"line":2,"column":6}},"line":2},"29":{"name":"finish","decl":{"start":{"line":2,"column":0},"end":{"line":2,"column":6}},"loc":{"start":{"line":2,"column":0},"end":{"line":2,"column":6}},"line":2},"30":{"name":"_catch","decl":{"start":{"line":2,"column":0},"end":{"line":2,"column":6}},"loc":{"start":{"line":2,"column":0},"end":{"line":2,"column":6}},"line":2},"31":{"name":"delegateYield","decl":{"start":{"line":2,"column":0},"end":{"line":2,"column":6}},"loc":{"start":{"line":2,"column":0},"end":{"line":2,"column":6}},"line":2},"32":{"name":"asyncGeneratorStep","decl":{"start":{"line":2,"column":0},"end":{"line":2,"column":6}},"loc":{"start":{"line":2,"column":0},"end":{"line":2,"column":6}},"line":2},"33":{"name":"_asyncToGenerator","decl":{"start":{"line":2,"column":0},"end":{"line":2,"column":6}},"loc":{"start":{"line":2,"column":0},"end":{"line":2,"column":6}},"line":2},"34":{"name":"_callee","decl":{"start":{"line":4,"column":23},"end":{"line":28,"column":69}},"loc":{"start":{"line":4,"column":23},"end":{"line":28,"column":69}},"line":4},"35":{"name":"_callee2","decl":{"start":{"line":32,"column":25},"end":{"line":56,"column":69}},"loc":{"start":{"line":32,"column":25},"end":{"line":56,"column":69}},"line":32},"36":{"name":"_callee3","decl":{"start":{"line":60,"column":25},"end":{"line":83,"column":69}},"loc":{"start":{"line":60,"column":25},"end":{"line":83,"column":69}},"line":60},"37":{"name":"_callee4","decl":{"start":{"line":86,"column":25},"end":{"line":107,"column":69}},"loc":{"start":{"line":86,"column":25},"end":{"line":107,"column":69}},"line":86}},"f":{"0":1,"1":3,"2":0,"3":13,"4":0,"5":0,"6":0,"7":0,"8":0,"9":0,"10":2,"11":0,"12":0,"13":0,"14":0,"15":0,"16":0,"17":1,"18":0,"19":0,"20":4,"21":0,"22":0,"23":0,"24":0,"25":0,"26":0,"27":0,"28":0,"29":0,"30":0,"31":0,"32":0,"33":4,"34":0,"35":0,"36":0,"37":0}}
,"C:\\Users\\karan\\OneDrive\\Documents\\API_TASK\\API_Building\\controllers\\stateController.js": {"path":"C:\\Users\\karan\\OneDrive\\Documents\\API_TASK\\API_Building\\controllers\\stateController.js","all":false,"statementMap":{"0":{"start":{"line":1,"column":0},"end":{"line":1,"column":46}},"1":{"start":{"line":2,"column":0},"end":{"line":2,"column":32}},"2":{"start":{"line":3,"column":0},"end":{"line":3,"column":0}},"3":{"start":{"line":4,"column":0},"end":{"line":4,"column":47}},"4":{"start":{"line":5,"column":0},"end":{"line":5,"column":7}},"5":{"start":{"line":6,"column":0},"end":{"line":6,"column":56}},"6":{"start":{"line":7,"column":0},"end":{"line":7,"column":46}},"7":{"start":{"line":8,"column":0},"end":{"line":8,"column":0}},"8":{"start":{"line":9,"column":0},"end":{"line":9,"column":31}},"9":{"start":{"line":10,"column":0},"end":{"line":10,"column":44}},"10":{"start":{"line":11,"column":0},"end":{"line":11,"column":5}},"11":{"start":{"line":12,"column":0},"end":{"line":12,"column":0}},"12":{"start":{"line":13,"column":0},"end":{"line":13,"column":26}},"13":{"start":{"line":14,"column":0},"end":{"line":14,"column":21}},"14":{"start":{"line":15,"column":0},"end":{"line":15,"column":30}},"15":{"start":{"line":16,"column":0},"end":{"line":16,"column":34}},"16":{"start":{"line":17,"column":0},"end":{"line":17,"column":19}},"17":{"start":{"line":18,"column":0},"end":{"line":18,"column":7}},"18":{"start":{"line":19,"column":0},"end":{"line":19,"column":19}},"19":{"start":{"line":20,"column":0},"end":{"line":20,"column":23}},"20":{"start":{"line":21,"column":0},"end":{"line":21,"column":70}},"21":{"start":{"line":22,"column":0},"end":{"line":22,"column":3}},"22":{"start":{"line":23,"column":0},"end":{"line":23,"column":2}},"23":{"start":{"line":24,"column":0},"end":{"line":24,"column":49}},"24":{"start":{"line":25,"column":0},"end":{"line":25,"column":7}},"25":{"start":{"line":26,"column":0},"end":{"line":26,"column":35}},"26":{"start":{"line":27,"column":0},"end":{"line":27,"column":0}},"27":{"start":{"line":28,"column":0},"end":{"line":28,"column":33}},"28":{"start":{"line":29,"column":0},"end":{"line":29,"column":38}},"29":{"start":{"line":30,"column":0},"end":{"line":30,"column":5}},"30":{"start":{"line":31,"column":0},"end":{"line":31,"column":0}},"31":{"start":{"line":32,"column":0},"end":{"line":32,"column":61}},"32":{"start":{"line":33,"column":0},"end":{"line":33,"column":0}},"33":{"start":{"line":34,"column":0},"end":{"line":34,"column":24}},"34":{"start":{"line":35,"column":0},"end":{"line":35,"column":46}},"35":{"start":{"line":36,"column":0},"end":{"line":36,"column":5}},"36":{"start":{"line":37,"column":0},"end":{"line":37,"column":29}},"37":{"start":{"line":38,"column":0},"end":{"line":38,"column":16}},"38":{"start":{"line":39,"column":0},"end":{"line":39,"column":21}},"39":{"start":{"line":40,"column":0},"end":{"line":40,"column":7}},"40":{"start":{"line":41,"column":0},"end":{"line":41,"column":0}},"41":{"start":{"line":42,"column":0},"end":{"line":42,"column":23}},"42":{"start":{"line":43,"column":0},"end":{"line":43,"column":0}},"43":{"start":{"line":44,"column":0},"end":{"line":44,"column":26}},"44":{"start":{"line":45,"column":0},"end":{"line":45,"column":19}},"45":{"start":{"line":46,"column":0},"end":{"line":46,"column":43}},"46":{"start":{"line":47,"column":0},"end":{"line":47,"column":34}},"47":{"start":{"line":48,"column":0},"end":{"line":48,"column":18}},"48":{"start":{"line":49,"column":0},"end":{"line":49,"column":7}},"49":{"start":{"line":50,"column":0},"end":{"line":50,"column":19}},"50":{"start":{"line":51,"column":0},"end":{"line":51,"column":26}},"51":{"start":{"line":52,"column":0},"end":{"line":52,"column":70}},"52":{"start":{"line":53,"column":0},"end":{"line":53,"column":3}},"53":{"start":{"line":54,"column":0},"end":{"line":54,"column":2}},"54":{"start":{"line":55,"column":0},"end":{"line":55,"column":0}},"55":{"start":{"line":56,"column":0},"end":{"line":56,"column":49}},"56":{"start":{"line":57,"column":0},"end":{"line":57,"column":7}},"57":{"start":{"line":58,"column":0},"end":{"line":58,"column":34}},"58":{"start":{"line":59,"column":0},"end":{"line":59,"column":0}},"59":{"start":{"line":60,"column":0},"end":{"line":60,"column":35}},"60":{"start":{"line":61,"column":0},"end":{"line":61,"column":0}},"61":{"start":{"line":62,"column":0},"end":{"line":62,"column":33}},"62":{"start":{"line":63,"column":0},"end":{"line":63,"column":35}},"63":{"start":{"line":64,"column":0},"end":{"line":64,"column":5}},"64":{"start":{"line":65,"column":0},"end":{"line":65,"column":55}},"65":{"start":{"line":66,"column":0},"end":{"line":66,"column":0}},"66":{"start":{"line":67,"column":0},"end":{"line":67,"column":47}},"67":{"start":{"line":68,"column":0},"end":{"line":68,"column":25}},"68":{"start":{"line":69,"column":0},"end":{"line":69,"column":30}},"69":{"start":{"line":70,"column":0},"end":{"line":70,"column":6}},"70":{"start":{"line":71,"column":0},"end":{"line":71,"column":0}},"71":{"start":{"line":72,"column":0},"end":{"line":72,"column":26}},"72":{"start":{"line":73,"column":0},"end":{"line":73,"column":20}},"73":{"start":{"line":74,"column":0},"end":{"line":74,"column":45}},"74":{"start":{"line":75,"column":0},"end":{"line":75,"column":25}},"75":{"start":{"line":76,"column":0},"end":{"line":76,"column":31}},"76":{"start":{"line":77,"column":0},"end":{"line":77,"column":7}},"77":{"start":{"line":78,"column":0},"end":{"line":78,"column":19}},"78":{"start":{"line":79,"column":0},"end":{"line":79,"column":26}},"79":{"start":{"line":80,"column":0},"end":{"line":80,"column":70}},"80":{"start":{"line":81,"column":0},"end":{"line":81,"column":3}},"81":{"start":{"line":82,"column":0},"end":{"line":82,"column":2}},"82":{"start":{"line":83,"column":0},"end":{"line":83,"column":0}},"83":{"start":{"line":84,"column":0},"end":{"line":84,"column":49}},"84":{"start":{"line":85,"column":0},"end":{"line":85,"column":7}},"85":{"start":{"line":86,"column":0},"end":{"line":86,"column":34}},"86":{"start":{"line":87,"column":0},"end":{"line":87,"column":0}},"87":{"start":{"line":88,"column":0},"end":{"line":88,"column":19}},"88":{"start":{"line":89,"column":0},"end":{"line":89,"column":37}},"89":{"start":{"line":90,"column":0},"end":{"line":90,"column":5}},"90":{"start":{"line":91,"column":0},"end":{"line":91,"column":55}},"91":{"start":{"line":92,"column":0},"end":{"line":92,"column":0}},"92":{"start":{"line":93,"column":0},"end":{"line":93,"column":47}},"93":{"start":{"line":94,"column":0},"end":{"line":94,"column":25}},"94":{"start":{"line":95,"column":0},"end":{"line":95,"column":25}},"95":{"start":{"line":96,"column":0},"end":{"line":96,"column":6}},"96":{"start":{"line":97,"column":0},"end":{"line":97,"column":26}},"97":{"start":{"line":98,"column":0},"end":{"line":98,"column":21}},"98":{"start":{"line":99,"column":0},"end":{"line":99,"column":44}},"99":{"start":{"line":100,"column":0},"end":{"line":100,"column":25}},"100":{"start":{"line":101,"column":0},"end":{"line":101,"column":33}},"101":{"start":{"line":102,"column":0},"end":{"line":102,"column":7}},"102":{"start":{"line":103,"column":0},"end":{"line":103,"column":19}},"103":{"start":{"line":104,"column":0},"end":{"line":104,"column":26}},"104":{"start":{"line":105,"column":0},"end":{"line":105,"column":70}},"105":{"start":{"line":106,"column":0},"end":{"line":106,"column":3}},"106":{"start":{"line":107,"column":0},"end":{"line":107,"column":2}}},"s":{"0":1,"1":1,"2":1,"3":1,"4":0,"5":0,"6":0,"7":0,"8":0,"9":0,"10":0,"11":0,"12":0,"13":0,"14":0,"15":0,"16":0,"17":0,"18":0,"19":0,"20":0,"21":1,"22":1,"23":1,"24":0,"25":0,"26":0,"27":0,"28":0,"29":0,"30":0,"31":0,"32":0,"33":0,"34":0,"35":0,"36":0,"37":0,"38":0,"39":0,"40":0,"41":0,"42":0,"43":0,"44":0,"45":0,"46":0,"47":0,"48":0,"49":0,"50":0,"51":0,"52":1,"53":1,"54":1,"55":1,"56":0,"57":0,"58":0,"59":0,"60":0,"61":0,"62":0,"63":0,"64":0,"65":0,"66":0,"67":0,"68":0,"69":0,"70":0,"71":0,"72":0,"73":0,"74":0,"75":0,"76":0,"77":0,"78":0,"79":0,"80":1,"81":1,"82":1,"83":1,"84":0,"85":0,"86":0,"87":0,"88":0,"89":0,"90":0,"91":0,"92":0,"93":0,"94":0,"95":0,"96":0,"97":0,"98":0,"99":0,"100":0,"101":0,"102":0,"103":0,"104":0,"105":1,"106":1},"branchMap":{"0":{"type":"branch","line":2,"loc":{"start":{"line":2,"column":0},"end":{"line":2,"column":6}},"locations":[{"start":{"line":2,"column":0},"end":{"line":2,"column":6}}]},"1":{"type":"branch","line":2,"loc":{"start":{"line":2,"column":0},"end":{"line":2,"column":6}},"locations":[{"start":{"line":2,"column":0},"end":{"line":2,"column":6}}]},"2":{"type":"branch","line":2,"loc":{"start":{"line":2,"column":0},"end":{"line":2,"column":6}},"locations":[{"start":{"line":2,"column":0},"end":{"line":2,"column":6}}]},"3":{"type":"branch","line":2,"loc":{"start":{"line":2,"column":0},"end":{"line":2,"column":6}},"locations":[{"start":{"line":2,"column":0},"end":{"line":2,"column":6}}]},"4":{"type":"branch","line":2,"loc":{"start":{"line":2,"column":0},"end":{"line":2,"column":6}},"locations":[{"start":{"line":2,"column":0},"end":{"line":2,"column":6}}]},"5":{"type":"branch","line":2,"loc":{"start":{"line":2,"column":0},"end":{"line":2,"column":6}},"locations":[{"start":{"line":2,"column":0},"end":{"line":2,"column":6}}]},"6":{"type":"branch","line":2,"loc":{"start":{"line":2,"column":0},"end":{"line":2,"column":6}},"locations":[{"start":{"line":2,"column":0},"end":{"line":2,"column":6}}]},"7":{"type":"branch","line":2,"loc":{"start":{"line":2,"column":0},"end":{"line":2,"column":6}},"locations":[{"start":{"line":2,"column":0},"end":{"line":2,"column":6}}]},"8":{"type":"branch","line":2,"loc":{"start":{"line":2,"column":0},"end":{"line
[...]
line":173,"column":0},"end":{"line":173,"column":39}},"173":{"start":{"line":174,"column":0},"end":{"line":174,"column":17}},"174":{"start":{"line":175,"column":0},"end":{"line":175,"column":76}},"175":{"start":{"line":176,"column":0},"end":{"line":176,"column":5}},"176":{"start":{"line":177,"column":0},"end":{"line":177,"column":0}},"177":{"start":{"line":178,"column":0},"end":{"line":178,"column":26}},"178":{"start":{"line":179,"column":0},"end":{"line":179,"column":22}},"179":{"start":{"line":180,"column":0},"end":{"line":180,"column":38}},"180":{"start":{"line":181,"column":0},"end":{"line":181,"column":28}},"181":{"start":{"line":182,"column":0},"end":{"line":182,"column":27}},"182":{"start":{"line":183,"column":0},"end":{"line":183,"column":7}},"183":{"start":{"line":184,"column":0},"end":{"line":184,"column":19}},"184":{"start":{"line":185,"column":0},"end":{"line":185,"column":23}},"185":{"start":{"line":186,"column":0},"end":{"line":186,"column":43}},"186":{"start":{"line":187,"column":0},"end":{"line":187,"column":3}},"187":{"start":{"line":188,"column":0},"end":{"line":188,"column":3}},"188":{"start":{"line":189,"column":0},"end":{"line":189,"column":0}},"189":{"start":{"line":190,"column":0},"end":{"line":190,"column":60}},"190":{"start":{"line":191,"column":0},"end":{"line":191,"column":7}},"191":{"start":{"line":192,"column":0},"end":{"line":192,"column":79}},"192":{"start":{"line":193,"column":0},"end":{"line":193,"column":0}},"193":{"start":{"line":194,"column":0},"end":{"line":194,"column":64}},"194":{"start":{"line":195,"column":0},"end":{"line":195,"column":75}},"195":{"start":{"line":196,"column":0},"end":{"line":196,"column":5}},"196":{"start":{"line":197,"column":0},"end":{"line":197,"column":0}},"197":{"start":{"line":198,"column":0},"end":{"line":198,"column":29}},"198":{"start":{"line":199,"column":0},"end":{"line":199,"column":11}},"199":{"start":{"line":200,"column":0},"end":{"line":200,"column":10}},"200":{"start":{"line":201,"column":0},"end":{"line":201,"column":10}},"201":{"start":{"line":202,"column":0},"end":{"line":202,"column":18}},"202":{"start":{"line":203,"column":0},"end":{"line":203,"column":18}},"203":{"start":{"line":204,"column":0},"end":{"line":204,"column":18}},"204":{"start":{"line":205,"column":0},"end":{"line":205,"column":7}},"205":{"start":{"line":206,"column":0},"end":{"line":206,"column":0}},"206":{"start":{"line":207,"column":0},"end":{"line":207,"column":23}},"207":{"start":{"line":208,"column":0},"end":{"line":208,"column":0}},"208":{"start":{"line":209,"column":0},"end":{"line":209,"column":26}},"209":{"start":{"line":210,"column":0},"end":{"line":210,"column":20}},"210":{"start":{"line":211,"column":0},"end":{"line":211,"column":18}},"211":{"start":{"line":212,"column":0},"end":{"line":212,"column":44}},"212":{"start":{"line":213,"column":0},"end":{"line":213,"column":19}},"213":{"start":{"line":214,"column":0},"end":{"line":214,"column":7}},"214":{"start":{"line":215,"column":0},"end":{"line":215,"column":19}},"215":{"start":{"line":216,"column":0},"end":{"line":216,"column":23}},"216":{"start":{"line":217,"column":0},"end":{"line":217,"column":43}},"217":{"start":{"line":218,"column":0},"end":{"line":218,"column":3}},"218":{"start":{"line":219,"column":0},"end":{"line":219,"column":3}},"219":{"start":{"line":220,"column":0},"end":{"line":220,"column":0}},"220":{"start":{"line":221,"column":0},"end":{"line":221,"column":24}}},"s":{"0":1,"1":1,"2":1,"3":1,"4":1,"5":1,"6":1,"7":1,"8":1,"9":1,"10":1,"11":1,"12":1,"13":1,"14":1,"15":0,"16":0,"17":0,"18":0,"19":0,"20":0,"21":0,"22":0,"23":0,"24":0,"25":0,"26":0,"27":0,"28":0,"29":0,"30":0,"31":0,"32":0,"33":0,"34":0,"35":0,"36":0,"37":0,"38":0,"39":0,"40":0,"41":0,"42":0,"43":0,"44":0,"45":0,"46":1,"47":1,"48":1,"49":1,"50":1,"51":1,"52":1,"53":0,"54":0,"55":0,"56":0,"57":0,"58":0,"59":0,"60":0,"61":0,"62":0,"63":0,"64":1,"65":1,"66":1,"67":1,"68":1,"69":0,"70":0,"71":0,"72":0,"73":0,"74":0,"75":0,"76":0,"77":0,"78":0,"79":0,"80":0,"81":0,"82":0,"83":1,"84":1,"85":1,"86":1,"87":0,"88":0,"89":0,"90":0,"91":0,"92":0,"93":0,"94":0,"95":0,"96":0,"97":0,"98":0,"99":0,"100":0,"101":0,"102":0,"103":0,"104":0,"105":0,"106":0,"107":0,"108":0,"109":0,"110":0,"111":0,"112":1,"113":1,"114":1,"115":1,"116":0,"117":0,"118":0,"119":0,"120":0,"121":0,"122":0,"123":0,"124":0,"125":0,"126":0,"127":0,"128":0,"129":0,"130":0,"131":0,"132":0,"133":0,"134":0,"135":0,"136":0,"137":0,"138":1,"139":1,"140":1,"141":1,"142":0,"143":0,"144":0,"145":0,"146":0,"147":0,"148":0,"149":0,"150":0,"151":0,"152":0,"153":0,"154":0,"155":0,"156":0,"157":0,"158":0,"159":0,"160":0,"161":0,"162":0,"163":0,"164":0,"165":0,"166":0,"167":1,"168":1,"169":1,"170":1,"171":0,"172":0,"173":0,"174":0,"175":0,"176":0,"177":0,"178":0,"179":0,"180":0,"181":0,"182":0,"183":0,"184":0,"185":0,"186":1,"187":1,"188":1,"189":1,"190":0,"191":0,"192":0,"193":0,"194":0,"195":0,"196":0,"197":0,"198":0,"199":0,"200":0,"201":0,"202":0,"203":0,"204":0,"205":0,"206":0,"207":0,"208":0,"209":0,"210":0,"211":0,"212":0,"213":0,"214":0,"215":0,"216":0,"217":1,"218":1,"219":1,"220":1},"branchMap":{"0":{"type":"branch","line":2,"loc":{"start":{"line":2,"column":0},"end":{"line":2,"column":6}},"locations":[{"start":{"line":2,"column":0},"end":{"line":2,"column":6}}]},"1":{"type":"branch","line":2,"loc":{"start":{"line":2,"column":0},"end":{"line":2,"column":6}},"locations":[{"start":{"line":2,"column":0},"end":{"line":2,"column":6}}]},"2":{"type":"branch","line":2,"loc":{"start":{"line":2,"column":0},"end":{"line":2,"column":6}},"locations":[{"start":{"line":2,"column":0},"end":{"line":2,"column":6}}]},"3":{"type":"branch","line":2,"loc":{"start":{"line":2,"column":0},"end":{"line":2,"column":6}},"locations":[{"start":{"line":2,"column":0},"end":{"line":2,"column":6}}]},"4":{"type":"branch","line":2,"loc":{"start":{"line":2,"column":0},"end":{"line":2,"column":6}},"locations":[{"start":{"line":2,"column":0},"end":{"line":2,"column":6}}]},"5":{"type":"branch","line":2,"loc":{"start":{"line":2,"column":0},"end":{"line":2,"column":6}},"locations":[{"start":{"line":2,"column":0},"end":{"line":2,"column":6}}]},"6":{"type":"branch","line":2,"loc":{"start":{"line":2,"column":0},"end":{"line":2,"column":6}},"locations":[{"start":{"line":2,"column":0},"end":{"line":2,"column":6}}]},"7":{"type":"branch","line":2,"loc":{"start":{"line":2,"column":0},"end":{"line":2,"column":6}},"locations":[{"start":{"line":2,"column":0},"end":{"line":2,"column":6}}]},"8":{"type":"branch","line":2,"loc":{"start":{"line":2,"column":0},"end":{"line":2,"column":6}},"locations":[{"start":{"line":2,"column":0},"end":{"line":2,"column":6}}]},"9":{"type":"branch","line":2,"loc":{"start":{"line":2,"column":0},"end":{"line":2,"column":6}},"locations":[{"start":{"line":2,"column":0},"end":{"line":2,"column":6}}]},"10":{"type":"branch","line":2,"loc":{"start":{"line":2,"column":0},"end":{"line":2,"column":6}},"locations":[{"start":{"line":2,"column":0},"end":{"line":2,"column":6}}]},"11":{"type":"branch","line":2,"loc":{"start":{"line":2,"column":0},"end":{"line":2,"column":6}},"locations":[{"start":{"line":2,"column":0},"end":{"line":2,"column":6}}]},"12":{"type":"branch","line":2,"loc":{"start":{"line":2,"column":0},"end":{"line":2,"column":6}},"locations":[{"start":{"line":2,"column":0},"end":{"line":2,"column":6}}]},"13":{"type":"branch","line":2,"loc":{"start":{"line":2,"column":0},"end":{"line":2,"column":6}},"locations":[{"start":{"line":2,"column":0},"end":{"line":2,"column":6}}]},"14":{"type":"branch","line":2,"loc":{"start":{"line":2,"column":0},"end":{"line":2,"column":6}},"locations":[{"start":{"line":2,"column":0},"end":{"line":2,"column":6}}]},"15":{"type":"branch","line":2,"loc":{"start":{"line":2,"column":0},"end":{"line":2,"column":6}},"locations":[{"start":{"line":2,"column":0},"end":{"line":2,"column":6}}]},"16":{"type":"branch","line":2,"loc":{"start":{"line":2,"column":0},"end":{"line":2,"column":6}},"locations":[{"start":{"line":2,"column":0},"end":{"line":2,"column":6}}]},"17":{"type":"branch","line":2,"loc":{"start":{"line":2,"column":0},"end":{"line":2,"column":6}},"locations":[{"start":{"line":2,"column":0},"end":{"line":2,"column":6}}]},"18":{"type":"branch","line":15,"loc":{"start":{"line":15,"column":24},"end":{"line":48,"column":2}},"locations":[{"start":{"line":15,"column":24},"end":{"line":48,"column":2}}]},"19":{"type":"branch","line":52,"loc":{"start":{"line":52,"column":29},"end":{"line":66,"column":3}},"locations":[{"start":{"line":52,"column":29},"end":{"line":66,"column":3}}]},"20":{"type":"branch","line":69,"loc":{"start":{"line":69,"column":27},"end":{"line":85,"column":2}},"locations":[{"start":{"line":69,"column":27},"end":{"line":85,"column":2}}]},"21":{"type":"branch","line":87,"loc":{"start":{"line":87,"column":31},"end":{"line":114,"column":2}},"locations":[{"start":{"line":87,"column":31},"end":{"line":114,"column":2}}]},"22":{"type":"branch","line":116,"loc":{"start":{"line":116,"column":30},"end":{"line":140,"column":2}},"locations":[{"start":{"line":116,"column":30},"end":{"line":140,"column":2}}]},"23":{"type":"branch","line":142,"loc":{"start":{"line":142,"column":34},"end":{"line":169,"column":2}},"locations":[{"start":{"line":142,"column":34},"end":{"line":169,"column":2}}]},"24":{"type":"branch","line":171,"loc":{"start":{"line":171,"column":27},"end":{"line":188,"column":2}},"locations":[{"start":{"line":171,"column":27},"end":{"line":188,"column":2}}]},"25":{"type":"branch","line":190,"loc":{"start":{"line":190,"column":31},"end":{"line":219,"column":2}},"locations":[{"start":{"line":190,"column":31},"end":{"line":219,"column":2}}]}},"b":{"0":[1],"1":[0],"2":[0],"3":[0],"4":[0],"5":[0],"6":[0],"7":[7],"8":[13],"9":[2],"10":[6],"11":[1],"12":[0],"13":[0],"14":[0],"15":[8],"16":[0],"17":[8],"18":[1],"19":[1],"20":[1],"21":[1],"22":[1],"23":[1],"24":[1],"25":[1]},"fnMap":{"0":{"name":"_regeneratorRuntime","decl":{"start":{"line":2,"column":0},"end":{"line":2,"column":6}},"loc":{"start":{"line":2,"column":0},"end":{"line":2,"column":6}},"line":2},"1":{"name":"_regeneratorRuntime","decl":{"start":{"line":2,"column":0},"end":{"line":2,"column":6}},"loc":{"start":{"line":2,"column":0},"end":{"line":2,"column":6}},"line":2},"2":{"name":"o","decl":{"start":{"line":2,"column":0},"end":{"line":2,"column":6}},"loc":{"start":{"line":2,"column":0},"end":{"line":2,"column":6}},"line":2},"3":{"name":"define","decl":{"start":{"line":2,"column":0},"end":{"line":2,"column":6}},"loc":{"start":{"line":2,"column":0},"end":{"line":2,"column":6}},"line":2},"4":{"name":"define","decl":{"start":{"line":2,"column":0},"end":{"line":2,"column":6}},"loc":{"start":{"line":2,"column":0},"end":{"line":2,"column":6}},"line":2},"5":{"name":"wrap","decl":{"start":{"line":2,"column":0},"end":{"line":2,"column":6}},"loc":{"start":{"line":2,"column":0},"end":{"line":2,"column":6}},"line":2},"6":{"name":"tryCatch","decl":{"start":{"line":2,"column":0},"end":{"line":2,"column":6}},"loc":{"start":{"line":2,"column":0},"end":{"line":2,"column":6}},"line":2},"7":{"name":"Generator","decl":{"start":{"line":2,"column":0},"end":{"line":2,"column":6}},"loc":{"start":{"line":2,"column":0},"end":{"line":2,"column":6}},"line":2},"8":{"name":"GeneratorFunction","decl":{"start":{"line":2,"column":0},"end":{"line":2,"column":6}},"loc":{"start":{"line":2,"column":0},"end":{"line":2,"column":6}},"line":2},"9":{"name":"GeneratorFunctionPrototype","decl":{"start":{"line":2,"column":0},"end":{"line":2,"column":6}},"loc":{"start":{"line":2,"column":0},"end":{"line":2,"column":6}},"line":2},"10":{"name":"defineIteratorMethods","decl":{"start":{"line":2,"column":0},"end":{"line":2,"column":6}},"loc":{"start":{"line":2,"column":0},"end":{"line":2,"column":6}},"line":2},"11":{"name":"AsyncIterator","decl":{"start":{"line":2,"column":0},"end":{"line":2,"column":6}},"loc":{"start":{"line":2,"column":0},"end":{"line":2,"column":6}},"line":2},"12":{"name":"makeInvokeMethod","decl":{"start":{"line":2,"column":0},"end":{"line":2,"column":6}},"loc":{"start":{"line":2,"column":0},"end":{"line":2,"column":6}},"line":2},"13":{"name":"maybeInvokeDelegate","decl":{"start":{"line":2,"column":0},"end":{"line":2,"column":6}},"loc":{"start":{"line":2,"column":0},"end":{"line":2,"column":6}},"line":2},"14":{"name":"pushTryEntry","decl":{"start":{"line":2,"column":0},"end":{"line":2,"column":6}},"loc":{"start":{"line":2,"column":0},"end":{"line":2,"column":6}},"line":2},"15":{"name":"resetTryEntry","decl":{"start":{"line":2,"column":0},"end":{"line":2,"column":6}},"loc":{"start":{"line":2,"column":0},"end":{"line":2,"column":6}},"line":2},"16":{"name":"Context","decl":{"start":{"line":2,"column":0},"end":{"line":2,"column":6}},"loc":{"start":{"line":2,"column":0},"end":{"line":2,"column":6}},"line":2},"17":{"name":"values","decl":{"start":{"line":2,"column":0},"end":{"line":2,"column":6}},"loc":{"start":{"line":2,"column":0},"end":{"line":2,"column":6}},"line":2},"18":{"name":"next","decl":{"start":{"line":2,"column":0},"end":{"line":2,"column":6}},"loc":{"start":{"line":2,"column":0},"end":{"line":2,"column":6}},"line":2},"19":{"name":"e.isGeneratorFunction","decl":{"start":{"line":2,"column":0},"end":{"line":2,"column":6}},"loc":{"start":{"line":2,"column":0},"end":{"line":2,"column":6}},"line":2},"20":{"name":"e.mark","decl":{"start":{"line":2,"column":0},"end":{"line":2,"column":6}},"loc":{"start":{"line":2,"column":0},"end":{"line":2,"column":6}},"line":2},"21":{"name":"e.awrap","decl":{"start":{"line":2,"column":0},"end":{"line":2,"column":6}},"loc":{"start":{"line":2,"column":0},"end":{"line":2,"column":6}},"line":2},"22":{"name":"e.async","decl":{"start":{"line":2,"column":0},"end":{"line":2,"column":6}},"loc":{"start":{"line":2,"column":0},"end":{"line":2,"column":6}},"line":2},"23":{"name":"e.keys","decl":{"start":{"line":2,"column":0},"end":{"line":2,"column":6}},"loc":{"start":{"line":2,"column":0},"end":{"line":2,"column":6}},"line":2},"24":{"name":"reset","decl":{"start":{"line":2,"column":0},"end":{"line":2,"column":6}},"loc":{"start":{"line":2,"column":0},"end":{"line":2,"column":6}},"line":2},"25":{"name":"stop","decl":{"start":{"line":2,"column":0},"end":{"line":2,"column":6}},"loc":{"start":{"line":2,"column":0},"end":{"line":2,"column":6}},"line":2},"26":{"name":"dispatchException","decl":{"start":{"line":2,"column":0},"end":{"line":2,"column":6}},"loc":{"start":{"line":2,"column":0},"end":{"line":2,"column":6}},"line":2},"27":{"name":"abrupt","decl":{"start":{"line":2,"column":0},"end":{"line":2,"column":6}},"loc":{"start":{"line":2,"column":0},"end":{"line":2,"column":6}},"line":2},"28":{"name":"complete","decl":{"start":{"line":2,"column":0},"end":{"line":2,"column":6}},"loc":{"start":{"line":2,"column":0},"end":{"line":2,"column":6}},"line":2},"29":{"name":"finish","decl":{"start":{"line":2,"column":0},"end":{"line":2,"column":6}},"loc":{"start":{"line":2,"column":0},"end":{"line":2,"column":6}},"line":2},"30":{"name":"_catch","decl":{"start":{"line":2,"column":0},"end":{"line":2,"column":6}},"loc":{"start":{"line":2,"column":0},"end":{"line":2,"column":6}},"line":2},"31":{"name":"delegateYield","decl":{"start":{"line":2,"column":0},"end":{"line":2,"column":6}},"loc":{"start":{"line":2,"column":0},"end":{"line":2,"column":6}},"line":2},"32":{"name":"asyncGeneratorStep","decl":{"start":{"line":2,"column":0},"end":{"line":2,"column":6}},"loc":{"start":{"line":2,"column":0},"end":{"line":2,"column":6}},"line":2},"33":{"name":"_asyncToGenerator","decl":{"start":{"line":2,"column":0},"end":{"line":2,"column":6}},"loc":{"start":{"line":2,"column":0},"end":{"line":2,"column":6}},"line":2},"34":{"name":"_callee","decl":{"start":{"line":15,"column":26},"end":{"line":46,"column":43}},"loc":{"start":{"line":15,"column":26},"end":{"line":46,"column":43}},"line":15},"35":{"name":"_callee2","decl":{"start":{"line":53,"column":2},"end":{"line":64,"column":45}},"loc":{"start":{"line":53,"column":2},"end":{"line":64,"column":45}},"line":53},"36":{"name":"_callee3","decl":{"start":{"line":69,"column":29},"end":{"line":83,"column":43}},"loc":{"start":{"line":69,"column":29},"end":{"line":83,"column":43}},"line":69},"37":{"name":"_callee4","decl":{"start":{"line":87,"column":33},"end":{"line":112,"column":43}},"loc":{"start":{"line":87,"column":33},"end":{"line":112,"column":43}},"line":87},"38":{"name":"_callee5","decl":{"start":{"line":116,"column":32},"end":{"line":138,"column":43}},"loc":{"start":{"line":116,"column":32},"end":{"line":138,"column":43}},"line":116},"39":{"name":"_callee6","decl":{"start":{"line":142,"column":36},"end":{"line":167,"column":43}},"loc":{"start":{"line":142,"column":36},"end":{"line":167,"column":43}},"line":142},"40":{"name":"_callee7","decl":{"start":{"line":171,"column":29},"end":{"line":186,"column":43}},"loc":{"start":{"line":171,"column":29},"end":{"line":186,"column":43}},"line":171},"41":{"name":"_callee8","decl":{"start":{"line":190,"column":33},"end":{"line":217,"column":43}},"loc":{"start":{"line":190,"column":33},"end":{"line":217,"column":43}},"line":190}},"f":{"0":1,"1":7,"2":0,"3":13,"4":0,"5":0,"6":0,"7":0,"8":0,"9":0,"10":2,"11":0,"12":0,"13":0,"14":0,"15":0,"16":0,"17":1,"18":0,"19":0,"20":8,"21":0,"22":0,"23":0,"24":0,"25":0,"26":0,"27":0,"28":0,"29":0,"30":0,"31":0,"32":0,"33":8,"34":0,"35":0,"36":0,"37":0,"38":0,"39":0,"40":0,"41":0}}
,"C:\\Users\\karan\\OneDrive\\Documents\\API_TASK\\API_Building\\route\\stateRoutes.js": {"path":"C:\\Users\\karan\\OneDrive\\Documents\\API_TASK\\API_Building\\route\\stateRoutes.js","all":false,"statementMap":{"0":{"start":{"line":1,"column":0},"end":{"line":1,"column":34}},"1":{"start":{"line":2,"column":0},"end":{"line":2,"column":0}},"2":{"start":{"line":3,"column":0},"end":{"line":3,"column":65}},"3":{"start":{"line":4,"column":0},"end":{"line":4,"column":62}},"4":{"start":{"line":5,"column":0},"end":{"line":5,"column":52}},"5":{"start":{"line":6,"column":0},"end":{"line":6,"column":0}},"6":{"start":{"line":7,"column":0},"end":{"line":7,"column":31}},"7":{"start":{"line":8,"column":0},"end":{"line":8,"column":0}},"8":{"start":{"line":9,"column":0},"end":{"line":9,"column":83}},"9":{"start":{"line":10,"column":0},"end":{"line":10,"column":2}},"10":{"start":{"line":11,"column":0},"end":{"line":11,"column":90}},"11":{"start":{"line":12,"column":0},"end":{"line":12,"column":0}},"12":{"start":{"line":13,"column":0},"end":{"line":13,"column":90}},"13":{"start":{"line":14,"column":0},"end":{"line":14,"column":0}},"14":{"start":{"line":15,"column":0},"end":{"line":15,"column":90}},"15":{"start":{"line":16,"column":0},"end":{"line":16,"column":0}},"16":{"start":{"line":17,"column":0},"end":{"line":17,"column":24}}},"s":{"0":1,"1":1,"2":1,"3":1,"4":1,"5":1,"6":1,"7":1,"8":1,"9":1,"10":1,"11":1,"12":1,"13":1,"14":1,"15":1,"16":1},"branchMap":{},"b":{},"fnMap":{},"f":{}}
,"C:\\Users\\karan\\OneDrive\\Documents\\API_TASK\\API_Building\\route\\userRoutes.js": {"path":"C:\\Users\\karan\\OneDrive\\Documents\\API_TASK\\API_Building\\route\\userRoutes.js","all":false,"statementMap":{"0":{"start":{"line":1,"column":0},"end":{"line":1,"column":35}},"1":{"start":{"line":2,"column":0},"end":{"line":2,"column":0}},"2":{"start":{"line":3,"column":0},"end":{"line":3,"column":53}},"3":{"start":{"line":4,"column":0},"end":{"line":4,"column":64}},"4":{"start":{"line":5,"column":0},"end":{"line":5,"column":0}},"5":{"start":{"line":6,"column":0},"end":{"line":6,"column":32}},"6":{"start":{"line":7,"column":0},"end":{"line":7,"column":0}},"7":{"start":{"line":8,"column":0},"end":{"line":8,"column":48}},"8":{"start":{"line":9,"column":0},"end":{"line":9,"column":0}},"9":{"start":{"line":10,"column":0},"end":{"line":10,"column":78}},"10":{"start":{"line":11,"column":0},"end":{"line":11,"column":0}},"11":{"start":{"line":12,"column":0},"end":{"line":12,"column":24}}},"s":{"0":1,"1":1,"2":1,"3":1,"4":1,"5":1,"6":1,"7":1,"8":1,"9":1,"10":1,"11":1},"branchMap":{},"b":{},"fnMap":{},"f":{}}
}
